18:23:31 **** Incremental Build of configuration Debug for project LicentaStream ****
make all 
make --no-print-directory pre-build
a9-linaro-pre-build-step
' '
make --no-print-directory main-build
'Building file: ../src/main.c'
'Invoking: ARM v7 gcc compiler'
arm-none-eabi-gcc -Wall -O0 -g3 -c -fmessage-length=0 -MT"src/main.o" -mcpu=cortex-a9 -mfpu=vfpv3 -mfloat-abi=hard -IC:/Users/patri/Desktop/LicentaStagii/6_GPIO/Vitis/Licenta_Design_wrapper/export/Licenta_Design_wrapper/sw/Licenta_Design_wrapper/standalone_ps7_cortexa9_0/bspinclude/include -MMD -MP -MF"src/main.d" -MT"src/main.o" -o "src/main.o" "../src/main.c"
'Finished building: ../src/main.c'
' '
'Building target: LicentaStream.elf'
'Invoking: ARM v7 gcc linker'
arm-none-eabi-gcc -mcpu=cortex-a9 -mfpu=vfpv3 -mfloat-abi=hard -Wl,-build-id=none -specs=Xilinx.spec -Wl,-T -Wl,../src/lscript.ld -LC:/Users/patri/Desktop/LicentaStagii/6_GPIO/Vitis/Licenta_Design_wrapper/export/Licenta_Design_wrapper/sw/Licenta_Design_wrapper/standalone_ps7_cortexa9_0/bsplib/lib -o "LicentaStream.elf"  ./src/main.o ./src/platform.o   -Wl,--start-group,-lxil,-lgcc,-lc,--end-group -Wl,--start-group,-lxil,-llwip4,-lgcc,-lc,--end-group
'Finished building target: LicentaStream.elf'
' '
'Invoking: ARM v7 Print Size'
arm-none-eabi-size LicentaStream.elf  |tee "LicentaStream.elf.size"
   text	   data	    bss	    dec	    hex	filename
 114137	   3140	3201088	3318365	 32a25d	LicentaStream.elf
'Finished building: LicentaStream.elf.size'
' '

18:23:32 Build Finished (took 649ms)

