15:25:04 DEBUG : Logs will be stored at 'C:/Users/patri/Desktop/Li/2/Licenta_Vitis/IDE.log'.
15:25:06 INFO  : Launching XSCT server: xsct.bat -n  -interactive C:\Users\patri\Desktop\Li\2\Licenta_Vitis\temp_xsdb_launch_script.tcl
15:25:06 INFO  : Registering command handlers for Vitis TCF services
15:25:06 INFO  : Platform repository initialization has completed.
15:25:08 INFO  : XSCT server has started successfully.
15:25:08 INFO  : plnx-install-location is set to ''
15:25:08 INFO  : Successfully done setting XSCT server connection channel  
15:25:08 INFO  : Successfully done query RDI_DATADIR 
15:25:08 INFO  : Successfully done setting workspace for the tool. 
15:31:44 INFO  : Result from executing command 'getProjects': platform
15:31:44 INFO  : Result from executing command 'getPlatforms': xilinx_vck190_base_202320_1|C:/Xilinx/Vitis/2023.2/base_platforms/xilinx_vck190_base_202320_1/xilinx_vck190_base_202320_1.xpfm;xilinx_vck190_base_dfx_202320_1|C:/Xilinx/Vitis/2023.2/base_platforms/xilinx_vck190_base_dfx_202320_1/xilinx_vck190_base_dfx_202320_1.xpfm;xilinx_vek280_es1_base_202320_1|C:/Xilinx/Vitis/2023.2/base_platforms/xilinx_vek280_es1_base_202320_1/xilinx_vek280_es1_base_202320_1.xpfm;xilinx_vmk180_base_202320_1|C:/Xilinx/Vitis/2023.2/base_platforms/xilinx_vmk180_base_202320_1/xilinx_vmk180_base_202320_1.xpfm;xilinx_zcu102_base_202320_1|C:/Xilinx/Vitis/2023.2/base_platforms/xilinx_zcu102_base_202320_1/xilinx_zcu102_base_202320_1.xpfm;xilinx_zcu102_base_dfx_202320_1|C:/Xilinx/Vitis/2023.2/base_platforms/xilinx_zcu102_base_dfx_202320_1/xilinx_zcu102_base_dfx_202320_1.xpfm;xilinx_zcu104_base_202320_1|C:/Xilinx/Vitis/2023.2/base_platforms/xilinx_zcu104_base_202320_1/xilinx_zcu104_base_202320_1.xpfm
16:28:00 INFO  : Result from executing command 'getProjects': platform
16:28:00 INFO  : Result from executing command 'getPlatforms': platform|C:/Users/patri/Desktop/Li/2/Licenta_Vitis/platform/export/platform/platform.xpfm;xilinx_vck190_base_202320_1|C:/Xilinx/Vitis/2023.2/base_platforms/xilinx_vck190_base_202320_1/xilinx_vck190_base_202320_1.xpfm;xilinx_vck190_base_dfx_202320_1|C:/Xilinx/Vitis/2023.2/base_platforms/xilinx_vck190_base_dfx_202320_1/xilinx_vck190_base_dfx_202320_1.xpfm;xilinx_vek280_es1_base_202320_1|C:/Xilinx/Vitis/2023.2/base_platforms/xilinx_vek280_es1_base_202320_1/xilinx_vek280_es1_base_202320_1.xpfm;xilinx_vmk180_base_202320_1|C:/Xilinx/Vitis/2023.2/base_platforms/xilinx_vmk180_base_202320_1/xilinx_vmk180_base_202320_1.xpfm;xilinx_zcu102_base_202320_1|C:/Xilinx/Vitis/2023.2/base_platforms/xilinx_zcu102_base_202320_1/xilinx_zcu102_base_202320_1.xpfm;xilinx_zcu102_base_dfx_202320_1|C:/Xilinx/Vitis/2023.2/base_platforms/xilinx_zcu102_base_dfx_202320_1/xilinx_zcu102_base_dfx_202320_1.xpfm;xilinx_zcu104_base_202320_1|C:/Xilinx/Vitis/2023.2/base_platforms/xilinx_zcu104_base_202320_1/xilinx_zcu104_base_202320_1.xpfm
16:28:01 INFO  : Checking for BSP changes to sync application flags for project 'Licenta'...
16:28:34 INFO  : Checking for BSP changes to sync application flags for project 'Licenta'...
16:34:05 INFO  : Result from executing command 'removePlatformRepo': 
16:34:19 INFO  : Result from executing command 'getProjects': platform
16:34:19 INFO  : Result from executing command 'getPlatforms': xilinx_vck190_base_202320_1|C:/Xilinx/Vitis/2023.2/base_platforms/xilinx_vck190_base_202320_1/xilinx_vck190_base_202320_1.xpfm;xilinx_vck190_base_dfx_202320_1|C:/Xilinx/Vitis/2023.2/base_platforms/xilinx_vck190_base_dfx_202320_1/xilinx_vck190_base_dfx_202320_1.xpfm;xilinx_vek280_es1_base_202320_1|C:/Xilinx/Vitis/2023.2/base_platforms/xilinx_vek280_es1_base_202320_1/xilinx_vek280_es1_base_202320_1.xpfm;xilinx_vmk180_base_202320_1|C:/Xilinx/Vitis/2023.2/base_platforms/xilinx_vmk180_base_202320_1/xilinx_vmk180_base_202320_1.xpfm;xilinx_zcu102_base_202320_1|C:/Xilinx/Vitis/2023.2/base_platforms/xilinx_zcu102_base_202320_1/xilinx_zcu102_base_202320_1.xpfm;xilinx_zcu102_base_dfx_202320_1|C:/Xilinx/Vitis/2023.2/base_platforms/xilinx_zcu102_base_dfx_202320_1/xilinx_zcu102_base_dfx_202320_1.xpfm;xilinx_zcu104_base_202320_1|C:/Xilinx/Vitis/2023.2/base_platforms/xilinx_zcu104_base_202320_1/xilinx_zcu104_base_202320_1.xpfm
16:34:20 INFO  : Checking for BSP changes to sync application flags for project 'Licenta'...
17:12:28 INFO  : Result from executing command 'removePlatformRepo': 
17:12:41 INFO  : Result from executing command 'getProjects': platform
17:12:41 INFO  : Result from executing command 'getPlatforms': xilinx_vck190_base_202320_1|C:/Xilinx/Vitis/2023.2/base_platforms/xilinx_vck190_base_202320_1/xilinx_vck190_base_202320_1.xpfm;xilinx_vck190_base_dfx_202320_1|C:/Xilinx/Vitis/2023.2/base_platforms/xilinx_vck190_base_dfx_202320_1/xilinx_vck190_base_dfx_202320_1.xpfm;xilinx_vek280_es1_base_202320_1|C:/Xilinx/Vitis/2023.2/base_platforms/xilinx_vek280_es1_base_202320_1/xilinx_vek280_es1_base_202320_1.xpfm;xilinx_vmk180_base_202320_1|C:/Xilinx/Vitis/2023.2/base_platforms/xilinx_vmk180_base_202320_1/xilinx_vmk180_base_202320_1.xpfm;xilinx_zcu102_base_202320_1|C:/Xilinx/Vitis/2023.2/base_platforms/xilinx_zcu102_base_202320_1/xilinx_zcu102_base_202320_1.xpfm;xilinx_zcu102_base_dfx_202320_1|C:/Xilinx/Vitis/2023.2/base_platforms/xilinx_zcu102_base_dfx_202320_1/xilinx_zcu102_base_dfx_202320_1.xpfm;xilinx_zcu104_base_202320_1|C:/Xilinx/Vitis/2023.2/base_platforms/xilinx_zcu104_base_202320_1/xilinx_zcu104_base_202320_1.xpfm
17:12:42 INFO  : Checking for BSP changes to sync application flags for project 'Licenta'...
17:25:12 INFO  : Result from executing command 'removePlatformRepo': 
17:25:23 INFO  : Result from executing command 'getProjects': platform
17:25:23 INFO  : Result from executing command 'getPlatforms': xilinx_vck190_base_202320_1|C:/Xilinx/Vitis/2023.2/base_platforms/xilinx_vck190_base_202320_1/xilinx_vck190_base_202320_1.xpfm;xilinx_vck190_base_dfx_202320_1|C:/Xilinx/Vitis/2023.2/base_platforms/xilinx_vck190_base_dfx_202320_1/xilinx_vck190_base_dfx_202320_1.xpfm;xilinx_vek280_es1_base_202320_1|C:/Xilinx/Vitis/2023.2/base_platforms/xilinx_vek280_es1_base_202320_1/xilinx_vek280_es1_base_202320_1.xpfm;xilinx_vmk180_base_202320_1|C:/Xilinx/Vitis/2023.2/base_platforms/xilinx_vmk180_base_202320_1/xilinx_vmk180_base_202320_1.xpfm;xilinx_zcu102_base_202320_1|C:/Xilinx/Vitis/2023.2/base_platforms/xilinx_zcu102_base_202320_1/xilinx_zcu102_base_202320_1.xpfm;xilinx_zcu102_base_dfx_202320_1|C:/Xilinx/Vitis/2023.2/base_platforms/xilinx_zcu102_base_dfx_202320_1/xilinx_zcu102_base_dfx_202320_1.xpfm;xilinx_zcu104_base_202320_1|C:/Xilinx/Vitis/2023.2/base_platforms/xilinx_zcu104_base_202320_1/xilinx_zcu104_base_202320_1.xpfm
17:25:24 INFO  : Checking for BSP changes to sync application flags for project 'Licenta'...
18:19:14 INFO  : Checking for BSP changes to sync application flags for project 'Licenta'...
18:30:42 INFO  : Checking for BSP changes to sync application flags for project 'Licenta'...
18:32:29 INFO  : Result from executing command 'removePlatformRepo': 
18:32:43 INFO  : Result from executing command 'getProjects': platform
18:32:43 INFO  : Result from executing command 'getPlatforms': xilinx_vck190_base_202320_1|C:/Xilinx/Vitis/2023.2/base_platforms/xilinx_vck190_base_202320_1/xilinx_vck190_base_202320_1.xpfm;xilinx_vck190_base_dfx_202320_1|C:/Xilinx/Vitis/2023.2/base_platforms/xilinx_vck190_base_dfx_202320_1/xilinx_vck190_base_dfx_202320_1.xpfm;xilinx_vek280_es1_base_202320_1|C:/Xilinx/Vitis/2023.2/base_platforms/xilinx_vek280_es1_base_202320_1/xilinx_vek280_es1_base_202320_1.xpfm;xilinx_vmk180_base_202320_1|C:/Xilinx/Vitis/2023.2/base_platforms/xilinx_vmk180_base_202320_1/xilinx_vmk180_base_202320_1.xpfm;xilinx_zcu102_base_202320_1|C:/Xilinx/Vitis/2023.2/base_platforms/xilinx_zcu102_base_202320_1/xilinx_zcu102_base_202320_1.xpfm;xilinx_zcu102_base_dfx_202320_1|C:/Xilinx/Vitis/2023.2/base_platforms/xilinx_zcu102_base_dfx_202320_1/xilinx_zcu102_base_dfx_202320_1.xpfm;xilinx_zcu104_base_202320_1|C:/Xilinx/Vitis/2023.2/base_platforms/xilinx_zcu104_base_202320_1/xilinx_zcu104_base_202320_1.xpfm
18:32:44 INFO  : Checking for BSP changes to sync application flags for project 'Licenta'...
18:39:42 INFO  : Checking for BSP changes to sync application flags for project 'Licenta'...
18:39:47 INFO  : Result from executing command 'removePlatformRepo': 
18:39:58 INFO  : Result from executing command 'getProjects': platform
18:39:58 INFO  : Result from executing command 'getPlatforms': xilinx_vck190_base_202320_1|C:/Xilinx/Vitis/2023.2/base_platforms/xilinx_vck190_base_202320_1/xilinx_vck190_base_202320_1.xpfm;xilinx_vck190_base_dfx_202320_1|C:/Xilinx/Vitis/2023.2/base_platforms/xilinx_vck190_base_dfx_202320_1/xilinx_vck190_base_dfx_202320_1.xpfm;xilinx_vek280_es1_base_202320_1|C:/Xilinx/Vitis/2023.2/base_platforms/xilinx_vek280_es1_base_202320_1/xilinx_vek280_es1_base_202320_1.xpfm;xilinx_vmk180_base_202320_1|C:/Xilinx/Vitis/2023.2/base_platforms/xilinx_vmk180_base_202320_1/xilinx_vmk180_base_202320_1.xpfm;xilinx_zcu102_base_202320_1|C:/Xilinx/Vitis/2023.2/base_platforms/xilinx_zcu102_base_202320_1/xilinx_zcu102_base_202320_1.xpfm;xilinx_zcu102_base_dfx_202320_1|C:/Xilinx/Vitis/2023.2/base_platforms/xilinx_zcu102_base_dfx_202320_1/xilinx_zcu102_base_dfx_202320_1.xpfm;xilinx_zcu104_base_202320_1|C:/Xilinx/Vitis/2023.2/base_platforms/xilinx_zcu104_base_202320_1/xilinx_zcu104_base_202320_1.xpfm
18:39:59 INFO  : Checking for BSP changes to sync application flags for project 'Licenta'...
18:45:50 INFO  : Result from executing command 'removePlatformRepo': 
18:46:02 INFO  : Result from executing command 'getProjects': platform
18:46:02 INFO  : Result from executing command 'getPlatforms': xilinx_vck190_base_202320_1|C:/Xilinx/Vitis/2023.2/base_platforms/xilinx_vck190_base_202320_1/xilinx_vck190_base_202320_1.xpfm;xilinx_vck190_base_dfx_202320_1|C:/Xilinx/Vitis/2023.2/base_platforms/xilinx_vck190_base_dfx_202320_1/xilinx_vck190_base_dfx_202320_1.xpfm;xilinx_vek280_es1_base_202320_1|C:/Xilinx/Vitis/2023.2/base_platforms/xilinx_vek280_es1_base_202320_1/xilinx_vek280_es1_base_202320_1.xpfm;xilinx_vmk180_base_202320_1|C:/Xilinx/Vitis/2023.2/base_platforms/xilinx_vmk180_base_202320_1/xilinx_vmk180_base_202320_1.xpfm;xilinx_zcu102_base_202320_1|C:/Xilinx/Vitis/2023.2/base_platforms/xilinx_zcu102_base_202320_1/xilinx_zcu102_base_202320_1.xpfm;xilinx_zcu102_base_dfx_202320_1|C:/Xilinx/Vitis/2023.2/base_platforms/xilinx_zcu102_base_dfx_202320_1/xilinx_zcu102_base_dfx_202320_1.xpfm;xilinx_zcu104_base_202320_1|C:/Xilinx/Vitis/2023.2/base_platforms/xilinx_zcu104_base_202320_1/xilinx_zcu104_base_202320_1.xpfm
18:46:03 INFO  : Checking for BSP changes to sync application flags for project 'Licenta'...
18:47:03 INFO  : Checking for BSP changes to sync application flags for project 'Licenta'...
18:47:09 INFO  : Result from executing command 'removePlatformRepo': 
18:47:20 INFO  : Result from executing command 'getProjects': platform
18:47:20 INFO  : Result from executing command 'getPlatforms': xilinx_vck190_base_202320_1|C:/Xilinx/Vitis/2023.2/base_platforms/xilinx_vck190_base_202320_1/xilinx_vck190_base_202320_1.xpfm;xilinx_vck190_base_dfx_202320_1|C:/Xilinx/Vitis/2023.2/base_platforms/xilinx_vck190_base_dfx_202320_1/xilinx_vck190_base_dfx_202320_1.xpfm;xilinx_vek280_es1_base_202320_1|C:/Xilinx/Vitis/2023.2/base_platforms/xilinx_vek280_es1_base_202320_1/xilinx_vek280_es1_base_202320_1.xpfm;xilinx_vmk180_base_202320_1|C:/Xilinx/Vitis/2023.2/base_platforms/xilinx_vmk180_base_202320_1/xilinx_vmk180_base_202320_1.xpfm;xilinx_zcu102_base_202320_1|C:/Xilinx/Vitis/2023.2/base_platforms/xilinx_zcu102_base_202320_1/xilinx_zcu102_base_202320_1.xpfm;xilinx_zcu102_base_dfx_202320_1|C:/Xilinx/Vitis/2023.2/base_platforms/xilinx_zcu102_base_dfx_202320_1/xilinx_zcu102_base_dfx_202320_1.xpfm;xilinx_zcu104_base_202320_1|C:/Xilinx/Vitis/2023.2/base_platforms/xilinx_zcu104_base_202320_1/xilinx_zcu104_base_202320_1.xpfm
18:47:21 INFO  : Checking for BSP changes to sync application flags for project 'Licenta'...
19:23:25 INFO  : Result from executing command 'removePlatformRepo': 
19:23:41 INFO  : Result from executing command 'getProjects': platform
19:23:41 INFO  : Result from executing command 'getPlatforms': xilinx_vck190_base_202320_1|C:/Xilinx/Vitis/2023.2/base_platforms/xilinx_vck190_base_202320_1/xilinx_vck190_base_202320_1.xpfm;xilinx_vck190_base_dfx_202320_1|C:/Xilinx/Vitis/2023.2/base_platforms/xilinx_vck190_base_dfx_202320_1/xilinx_vck190_base_dfx_202320_1.xpfm;xilinx_vek280_es1_base_202320_1|C:/Xilinx/Vitis/2023.2/base_platforms/xilinx_vek280_es1_base_202320_1/xilinx_vek280_es1_base_202320_1.xpfm;xilinx_vmk180_base_202320_1|C:/Xilinx/Vitis/2023.2/base_platforms/xilinx_vmk180_base_202320_1/xilinx_vmk180_base_202320_1.xpfm;xilinx_zcu102_base_202320_1|C:/Xilinx/Vitis/2023.2/base_platforms/xilinx_zcu102_base_202320_1/xilinx_zcu102_base_202320_1.xpfm;xilinx_zcu102_base_dfx_202320_1|C:/Xilinx/Vitis/2023.2/base_platforms/xilinx_zcu102_base_dfx_202320_1/xilinx_zcu102_base_dfx_202320_1.xpfm;xilinx_zcu104_base_202320_1|C:/Xilinx/Vitis/2023.2/base_platforms/xilinx_zcu104_base_202320_1/xilinx_zcu104_base_202320_1.xpfm
19:23:43 INFO  : Checking for BSP changes to sync application flags for project 'Licenta'...
19:26:01 INFO  : Result from executing command 'removePlatformRepo': 
19:26:14 INFO  : Result from executing command 'getProjects': platform
19:26:14 INFO  : Result from executing command 'getPlatforms': xilinx_vck190_base_202320_1|C:/Xilinx/Vitis/2023.2/base_platforms/xilinx_vck190_base_202320_1/xilinx_vck190_base_202320_1.xpfm;xilinx_vck190_base_dfx_202320_1|C:/Xilinx/Vitis/2023.2/base_platforms/xilinx_vck190_base_dfx_202320_1/xilinx_vck190_base_dfx_202320_1.xpfm;xilinx_vek280_es1_base_202320_1|C:/Xilinx/Vitis/2023.2/base_platforms/xilinx_vek280_es1_base_202320_1/xilinx_vek280_es1_base_202320_1.xpfm;xilinx_vmk180_base_202320_1|C:/Xilinx/Vitis/2023.2/base_platforms/xilinx_vmk180_base_202320_1/xilinx_vmk180_base_202320_1.xpfm;xilinx_zcu102_base_202320_1|C:/Xilinx/Vitis/2023.2/base_platforms/xilinx_zcu102_base_202320_1/xilinx_zcu102_base_202320_1.xpfm;xilinx_zcu102_base_dfx_202320_1|C:/Xilinx/Vitis/2023.2/base_platforms/xilinx_zcu102_base_dfx_202320_1/xilinx_zcu102_base_dfx_202320_1.xpfm;xilinx_zcu104_base_202320_1|C:/Xilinx/Vitis/2023.2/base_platforms/xilinx_zcu104_base_202320_1/xilinx_zcu104_base_202320_1.xpfm
19:26:15 INFO  : Checking for BSP changes to sync application flags for project 'Licenta'...
19:27:23 INFO  : Checking for BSP changes to sync application flags for project 'Licenta'...
20:55:33 INFO  : Checking for BSP changes to sync application flags for project 'Licenta'...
20:55:59 INFO  : Result from executing command 'removePlatformRepo': 
20:56:09 INFO  : Result from executing command 'getProjects': platform
20:56:09 INFO  : Result from executing command 'getPlatforms': xilinx_vck190_base_202320_1|C:/Xilinx/Vitis/2023.2/base_platforms/xilinx_vck190_base_202320_1/xilinx_vck190_base_202320_1.xpfm;xilinx_vck190_base_dfx_202320_1|C:/Xilinx/Vitis/2023.2/base_platforms/xilinx_vck190_base_dfx_202320_1/xilinx_vck190_base_dfx_202320_1.xpfm;xilinx_vek280_es1_base_202320_1|C:/Xilinx/Vitis/2023.2/base_platforms/xilinx_vek280_es1_base_202320_1/xilinx_vek280_es1_base_202320_1.xpfm;xilinx_vmk180_base_202320_1|C:/Xilinx/Vitis/2023.2/base_platforms/xilinx_vmk180_base_202320_1/xilinx_vmk180_base_202320_1.xpfm;xilinx_zcu102_base_202320_1|C:/Xilinx/Vitis/2023.2/base_platforms/xilinx_zcu102_base_202320_1/xilinx_zcu102_base_202320_1.xpfm;xilinx_zcu102_base_dfx_202320_1|C:/Xilinx/Vitis/2023.2/base_platforms/xilinx_zcu102_base_dfx_202320_1/xilinx_zcu102_base_dfx_202320_1.xpfm;xilinx_zcu104_base_202320_1|C:/Xilinx/Vitis/2023.2/base_platforms/xilinx_zcu104_base_202320_1/xilinx_zcu104_base_202320_1.xpfm
20:56:10 INFO  : Checking for BSP changes to sync application flags for project 'Licenta'...
20:56:29 INFO  : Connected to target on host '127.0.0.1' and port '3121'.
20:56:47 INFO  : ----------------XSDB Script----------------
connect -url tcp:127.0.0.1:3121
----------------End of Script----------------

20:56:47 ERROR : Could not find ARM device on the board for connection 'Local'.
Check if the target is in:
1. Split JTAG - No operations are possible with ARM DAP.
2. Non JTAG bootmode - Bootrom may need time to enable DAP.
Please try again.


Troubleshooting hints:
1. Check whether board is connected to system properly.
2. In case of zynq board, check whether Digilent/Xilinx cable switch settings are correct.
3. If you are using Xilinx Platform Cable USB, ensure that status LED is green.
20:56:56 INFO  : Connected to target on host '127.0.0.1' and port '3121'.
20:57:02 ERROR : Emulation support is not available for Windows OS. 
20:57:07 ERROR : Emulation support is not available for Windows OS. 
20:57:14 INFO  : ----------------XSDB Script----------------
connect -url tcp:127.0.0.1:3121
----------------End of Script----------------

20:57:14 ERROR : Could not find ARM device on the board for connection 'Local'.
Check if the target is in:
1. Split JTAG - No operations are possible with ARM DAP.
2. Non JTAG bootmode - Bootrom may need time to enable DAP.
Please try again.


Troubleshooting hints:
1. Check whether board is connected to system properly.
2. In case of zynq board, check whether Digilent/Xilinx cable switch settings are correct.
3. If you are using Xilinx Platform Cable USB, ensure that status LED is green.
20:57:14 INFO  : Connected to target on host '127.0.0.1' and port '3121'.
20:57:32 INFO  : ----------------XSDB Script----------------
connect -url tcp:127.0.0.1:3121
----------------End of Script----------------

20:57:32 ERROR : Could not find ARM device on the board for connection 'Local'.
Check if the target is in:
1. Split JTAG - No operations are possible with ARM DAP.
2. Non JTAG bootmode - Bootrom may need time to enable DAP.
Please try again.


Troubleshooting hints:
1. Check whether board is connected to system properly.
2. In case of zynq board, check whether Digilent/Xilinx cable switch settings are correct.
3. If you are using Xilinx Platform Cable USB, ensure that status LED is green.
20:57:41 INFO  : Checking for BSP changes to sync application flags for project 'Licenta'...
20:57:45 INFO  : Connected to target on host '127.0.0.1' and port '3121'.
20:58:03 INFO  : ----------------XSDB Script----------------
connect -url tcp:127.0.0.1:3121
----------------End of Script----------------

20:58:03 ERROR : Could not find ARM device on the board for connection 'Local'.
Check if the target is in:
1. Split JTAG - No operations are possible with ARM DAP.
2. Non JTAG bootmode - Bootrom may need time to enable DAP.
Please try again.


Troubleshooting hints:
1. Check whether board is connected to system properly.
2. In case of zynq board, check whether Digilent/Xilinx cable switch settings are correct.
3. If you are using Xilinx Platform Cable USB, ensure that status LED is green.
18:45:45 DEBUG : Logs will be stored at 'C:/Users/patri/Desktop/Li/2/Licenta_Vitis/IDE.log'.
18:45:46 INFO  : Launching XSCT server: xsct.bat -n  -interactive C:\Users\patri\Desktop\Li\2\Licenta_Vitis\temp_xsdb_launch_script.tcl
18:45:48 INFO  : Registering command handlers for Vitis TCF services
18:45:48 INFO  : XSCT server has started successfully.
18:45:48 INFO  : Successfully done setting XSCT server connection channel  
18:45:48 INFO  : plnx-install-location is set to ''
18:45:48 INFO  : Successfully done query RDI_DATADIR 
18:45:48 INFO  : Successfully done setting workspace for the tool. 
18:45:48 INFO  : Platform repository initialization has completed.
20:35:01 DEBUG : Logs will be stored at 'C:/Users/patri/Desktop/Li/2/Licenta_Vitis/IDE.log'.
20:35:02 INFO  : Launching XSCT server: xsct.bat -n  -interactive C:\Users\patri\Desktop\Li\2\Licenta_Vitis\temp_xsdb_launch_script.tcl
20:35:04 INFO  : XSCT server has started successfully.
20:35:04 INFO  : Successfully done setting XSCT server connection channel  
20:35:04 INFO  : plnx-install-location is set to ''
20:35:04 INFO  : Successfully done query RDI_DATADIR 
20:35:04 INFO  : Successfully done setting workspace for the tool. 
20:35:04 INFO  : Registering command handlers for Vitis TCF services
20:35:04 INFO  : Platform repository initialization has completed.
20:36:24 DEBUG : Logs will be stored at 'C:/Users/patri/Desktop/Li/3/Licenta_Vitis/IDE.log'.
20:36:25 INFO  : Launching XSCT server: xsct.bat -n  -interactive C:\Users\patri\Desktop\Li\3\Licenta_Vitis\temp_xsdb_launch_script.tcl
20:36:27 INFO  : XSCT server has started successfully.
20:36:27 INFO  : Registering command handlers for Vitis TCF services
20:36:27 INFO  : Successfully done setting XSCT server connection channel  
20:36:27 INFO  : plnx-install-location is set to ''
20:36:27 INFO  : Successfully done query RDI_DATADIR 
20:36:27 INFO  : Successfully done setting workspace for the tool. 
20:36:27 INFO  : Platform repository initialization has completed.
20:37:37 DEBUG : Logs will be stored at 'C:/Users/patri/Desktop/Li/3/Licenta_Vitis/IDE.log'.
20:37:38 INFO  : Launching XSCT server: xsct.bat -n  -interactive C:\Users\patri\Desktop\Li\3\Licenta_Vitis\temp_xsdb_launch_script.tcl
20:37:40 INFO  : Registering command handlers for Vitis TCF services
20:37:40 INFO  : XSCT server has started successfully.
20:37:40 INFO  : Successfully done setting XSCT server connection channel  
20:37:40 INFO  : plnx-install-location is set to ''
20:37:40 INFO  : Successfully done setting workspace for the tool. 
20:37:40 INFO  : Successfully done query RDI_DATADIR 
20:37:40 INFO  : Platform repository initialization has completed.
20:38:08 INFO  : Result from executing command 'getProjects': platform
20:38:08 INFO  : Result from executing command 'getPlatforms': platform|C:/Users/patri/Desktop/Li/2/Licenta_Vitis/platform/export/platform/platform.xpfm;xilinx_vck190_base_202320_1|C:/Xilinx/Vitis/2023.2/base_platforms/xilinx_vck190_base_202320_1/xilinx_vck190_base_202320_1.xpfm;xilinx_vck190_base_dfx_202320_1|C:/Xilinx/Vitis/2023.2/base_platforms/xilinx_vck190_base_dfx_202320_1/xilinx_vck190_base_dfx_202320_1.xpfm;xilinx_vek280_es1_base_202320_1|C:/Xilinx/Vitis/2023.2/base_platforms/xilinx_vek280_es1_base_202320_1/xilinx_vek280_es1_base_202320_1.xpfm;xilinx_vmk180_base_202320_1|C:/Xilinx/Vitis/2023.2/base_platforms/xilinx_vmk180_base_202320_1/xilinx_vmk180_base_202320_1.xpfm;xilinx_zcu102_base_202320_1|C:/Xilinx/Vitis/2023.2/base_platforms/xilinx_zcu102_base_202320_1/xilinx_zcu102_base_202320_1.xpfm;xilinx_zcu102_base_dfx_202320_1|C:/Xilinx/Vitis/2023.2/base_platforms/xilinx_zcu102_base_dfx_202320_1/xilinx_zcu102_base_dfx_202320_1.xpfm;xilinx_zcu104_base_202320_1|C:/Xilinx/Vitis/2023.2/base_platforms/xilinx_zcu104_base_202320_1/xilinx_zcu104_base_202320_1.xpfm
20:38:09 INFO  : Checking for BSP changes to sync application flags for project 'Licenta'...
20:38:28 INFO  : Checking for BSP changes to sync application flags for project 'Licenta'...
20:39:32 INFO  : Result from executing command 'removePlatformRepo': 
20:39:44 INFO  : Result from executing command 'getProjects': platform
20:39:44 INFO  : Result from executing command 'getPlatforms': platform|C:/Users/patri/Desktop/Li/2/Licenta_Vitis/platform/export/platform/platform.xpfm;xilinx_vck190_base_202320_1|C:/Xilinx/Vitis/2023.2/base_platforms/xilinx_vck190_base_202320_1/xilinx_vck190_base_202320_1.xpfm;xilinx_vck190_base_dfx_202320_1|C:/Xilinx/Vitis/2023.2/base_platforms/xilinx_vck190_base_dfx_202320_1/xilinx_vck190_base_dfx_202320_1.xpfm;xilinx_vek280_es1_base_202320_1|C:/Xilinx/Vitis/2023.2/base_platforms/xilinx_vek280_es1_base_202320_1/xilinx_vek280_es1_base_202320_1.xpfm;xilinx_vmk180_base_202320_1|C:/Xilinx/Vitis/2023.2/base_platforms/xilinx_vmk180_base_202320_1/xilinx_vmk180_base_202320_1.xpfm;xilinx_zcu102_base_202320_1|C:/Xilinx/Vitis/2023.2/base_platforms/xilinx_zcu102_base_202320_1/xilinx_zcu102_base_202320_1.xpfm;xilinx_zcu102_base_dfx_202320_1|C:/Xilinx/Vitis/2023.2/base_platforms/xilinx_zcu102_base_dfx_202320_1/xilinx_zcu102_base_dfx_202320_1.xpfm;xilinx_zcu104_base_202320_1|C:/Xilinx/Vitis/2023.2/base_platforms/xilinx_zcu104_base_202320_1/xilinx_zcu104_base_202320_1.xpfm
20:39:45 INFO  : Checking for BSP changes to sync application flags for project 'Licenta'...
20:42:15 INFO  : Result from executing command 'removePlatformRepo': 
20:42:25 INFO  : Result from executing command 'getProjects': platform
20:42:25 INFO  : Result from executing command 'getPlatforms': platform|C:/Users/patri/Desktop/Li/2/Licenta_Vitis/platform/export/platform/platform.xpfm;xilinx_vck190_base_202320_1|C:/Xilinx/Vitis/2023.2/base_platforms/xilinx_vck190_base_202320_1/xilinx_vck190_base_202320_1.xpfm;xilinx_vck190_base_dfx_202320_1|C:/Xilinx/Vitis/2023.2/base_platforms/xilinx_vck190_base_dfx_202320_1/xilinx_vck190_base_dfx_202320_1.xpfm;xilinx_vek280_es1_base_202320_1|C:/Xilinx/Vitis/2023.2/base_platforms/xilinx_vek280_es1_base_202320_1/xilinx_vek280_es1_base_202320_1.xpfm;xilinx_vmk180_base_202320_1|C:/Xilinx/Vitis/2023.2/base_platforms/xilinx_vmk180_base_202320_1/xilinx_vmk180_base_202320_1.xpfm;xilinx_zcu102_base_202320_1|C:/Xilinx/Vitis/2023.2/base_platforms/xilinx_zcu102_base_202320_1/xilinx_zcu102_base_202320_1.xpfm;xilinx_zcu102_base_dfx_202320_1|C:/Xilinx/Vitis/2023.2/base_platforms/xilinx_zcu102_base_dfx_202320_1/xilinx_zcu102_base_dfx_202320_1.xpfm;xilinx_zcu104_base_202320_1|C:/Xilinx/Vitis/2023.2/base_platforms/xilinx_zcu104_base_202320_1/xilinx_zcu104_base_202320_1.xpfm
20:42:26 INFO  : Checking for BSP changes to sync application flags for project 'Licenta'...
20:42:47 INFO  : Checking for BSP changes to sync application flags for project 'Licenta'...
20:42:59 INFO  : Checking for BSP changes to sync application flags for project 'Licenta'...
20:43:04 INFO  : Result from executing command 'removePlatformRepo': 
20:43:17 INFO  : Result from executing command 'getProjects': platform
20:43:17 INFO  : Result from executing command 'getPlatforms': platform|C:/Users/patri/Desktop/Li/2/Licenta_Vitis/platform/export/platform/platform.xpfm;xilinx_vck190_base_202320_1|C:/Xilinx/Vitis/2023.2/base_platforms/xilinx_vck190_base_202320_1/xilinx_vck190_base_202320_1.xpfm;xilinx_vck190_base_dfx_202320_1|C:/Xilinx/Vitis/2023.2/base_platforms/xilinx_vck190_base_dfx_202320_1/xilinx_vck190_base_dfx_202320_1.xpfm;xilinx_vek280_es1_base_202320_1|C:/Xilinx/Vitis/2023.2/base_platforms/xilinx_vek280_es1_base_202320_1/xilinx_vek280_es1_base_202320_1.xpfm;xilinx_vmk180_base_202320_1|C:/Xilinx/Vitis/2023.2/base_platforms/xilinx_vmk180_base_202320_1/xilinx_vmk180_base_202320_1.xpfm;xilinx_zcu102_base_202320_1|C:/Xilinx/Vitis/2023.2/base_platforms/xilinx_zcu102_base_202320_1/xilinx_zcu102_base_202320_1.xpfm;xilinx_zcu102_base_dfx_202320_1|C:/Xilinx/Vitis/2023.2/base_platforms/xilinx_zcu102_base_dfx_202320_1/xilinx_zcu102_base_dfx_202320_1.xpfm;xilinx_zcu104_base_202320_1|C:/Xilinx/Vitis/2023.2/base_platforms/xilinx_zcu104_base_202320_1/xilinx_zcu104_base_202320_1.xpfm
20:43:18 INFO  : Checking for BSP changes to sync application flags for project 'Licenta'...
20:46:41 DEBUG : Logs will be stored at 'C:/Users/patri/Desktop/Li/3/Licenta_Vitis/IDE.log'.
20:46:41 INFO  : Launching XSCT server: xsct.bat -n  -interactive C:\Users\patri\Desktop\Li\3\Licenta_Vitis\temp_xsdb_launch_script.tcl
20:46:43 INFO  : Registering command handlers for Vitis TCF services
20:46:43 INFO  : XSCT server has started successfully.
20:46:43 INFO  : Successfully done setting XSCT server connection channel  
20:46:43 INFO  : plnx-install-location is set to ''
20:46:44 INFO  : Successfully done setting workspace for the tool. 
20:46:44 INFO  : Successfully done query RDI_DATADIR 
20:46:44 INFO  : Platform repository initialization has completed.
20:50:41 INFO  : Checking for BSP changes to sync application flags for project 'Licenta'...
20:54:14 INFO  : Result from executing command 'removePlatformRepo': 
20:54:25 INFO  : Result from executing command 'getProjects': platform
20:54:25 INFO  : Result from executing command 'getPlatforms': platform|C:/Users/patri/Desktop/Li/2/Licenta_Vitis/platform/export/platform/platform.xpfm;xilinx_vck190_base_202320_1|C:/Xilinx/Vitis/2023.2/base_platforms/xilinx_vck190_base_202320_1/xilinx_vck190_base_202320_1.xpfm;xilinx_vck190_base_dfx_202320_1|C:/Xilinx/Vitis/2023.2/base_platforms/xilinx_vck190_base_dfx_202320_1/xilinx_vck190_base_dfx_202320_1.xpfm;xilinx_vek280_es1_base_202320_1|C:/Xilinx/Vitis/2023.2/base_platforms/xilinx_vek280_es1_base_202320_1/xilinx_vek280_es1_base_202320_1.xpfm;xilinx_vmk180_base_202320_1|C:/Xilinx/Vitis/2023.2/base_platforms/xilinx_vmk180_base_202320_1/xilinx_vmk180_base_202320_1.xpfm;xilinx_zcu102_base_202320_1|C:/Xilinx/Vitis/2023.2/base_platforms/xilinx_zcu102_base_202320_1/xilinx_zcu102_base_202320_1.xpfm;xilinx_zcu102_base_dfx_202320_1|C:/Xilinx/Vitis/2023.2/base_platforms/xilinx_zcu102_base_dfx_202320_1/xilinx_zcu102_base_dfx_202320_1.xpfm;xilinx_zcu104_base_202320_1|C:/Xilinx/Vitis/2023.2/base_platforms/xilinx_zcu104_base_202320_1/xilinx_zcu104_base_202320_1.xpfm
20:54:26 INFO  : Checking for BSP changes to sync application flags for project 'Licenta'...
20:56:32 INFO  : Result from executing command 'removePlatformRepo': 
20:56:44 INFO  : Result from executing command 'getProjects': platform
20:56:44 INFO  : Result from executing command 'getPlatforms': platform|C:/Users/patri/Desktop/Li/2/Licenta_Vitis/platform/export/platform/platform.xpfm;xilinx_vck190_base_202320_1|C:/Xilinx/Vitis/2023.2/base_platforms/xilinx_vck190_base_202320_1/xilinx_vck190_base_202320_1.xpfm;xilinx_vck190_base_dfx_202320_1|C:/Xilinx/Vitis/2023.2/base_platforms/xilinx_vck190_base_dfx_202320_1/xilinx_vck190_base_dfx_202320_1.xpfm;xilinx_vek280_es1_base_202320_1|C:/Xilinx/Vitis/2023.2/base_platforms/xilinx_vek280_es1_base_202320_1/xilinx_vek280_es1_base_202320_1.xpfm;xilinx_vmk180_base_202320_1|C:/Xilinx/Vitis/2023.2/base_platforms/xilinx_vmk180_base_202320_1/xilinx_vmk180_base_202320_1.xpfm;xilinx_zcu102_base_202320_1|C:/Xilinx/Vitis/2023.2/base_platforms/xilinx_zcu102_base_202320_1/xilinx_zcu102_base_202320_1.xpfm;xilinx_zcu102_base_dfx_202320_1|C:/Xilinx/Vitis/2023.2/base_platforms/xilinx_zcu102_base_dfx_202320_1/xilinx_zcu102_base_dfx_202320_1.xpfm;xilinx_zcu104_base_202320_1|C:/Xilinx/Vitis/2023.2/base_platforms/xilinx_zcu104_base_202320_1/xilinx_zcu104_base_202320_1.xpfm
20:56:45 INFO  : Checking for BSP changes to sync application flags for project 'Licenta'...
20:58:27 INFO  : Result from executing command 'removePlatformRepo': 
20:58:39 INFO  : Result from executing command 'getProjects': platform
20:58:39 INFO  : Result from executing command 'getPlatforms': platform|C:/Users/patri/Desktop/Li/2/Licenta_Vitis/platform/export/platform/platform.xpfm;xilinx_vck190_base_202320_1|C:/Xilinx/Vitis/2023.2/base_platforms/xilinx_vck190_base_202320_1/xilinx_vck190_base_202320_1.xpfm;xilinx_vck190_base_dfx_202320_1|C:/Xilinx/Vitis/2023.2/base_platforms/xilinx_vck190_base_dfx_202320_1/xilinx_vck190_base_dfx_202320_1.xpfm;xilinx_vek280_es1_base_202320_1|C:/Xilinx/Vitis/2023.2/base_platforms/xilinx_vek280_es1_base_202320_1/xilinx_vek280_es1_base_202320_1.xpfm;xilinx_vmk180_base_202320_1|C:/Xilinx/Vitis/2023.2/base_platforms/xilinx_vmk180_base_202320_1/xilinx_vmk180_base_202320_1.xpfm;xilinx_zcu102_base_202320_1|C:/Xilinx/Vitis/2023.2/base_platforms/xilinx_zcu102_base_202320_1/xilinx_zcu102_base_202320_1.xpfm;xilinx_zcu102_base_dfx_202320_1|C:/Xilinx/Vitis/2023.2/base_platforms/xilinx_zcu102_base_dfx_202320_1/xilinx_zcu102_base_dfx_202320_1.xpfm;xilinx_zcu104_base_202320_1|C:/Xilinx/Vitis/2023.2/base_platforms/xilinx_zcu104_base_202320_1/xilinx_zcu104_base_202320_1.xpfm
20:58:40 INFO  : Checking for BSP changes to sync application flags for project 'Licenta'...
21:09:17 INFO  : Result from executing command 'removePlatformRepo': 
21:09:29 INFO  : Result from executing command 'getProjects': platform
21:09:29 INFO  : Result from executing command 'getPlatforms': platform|C:/Users/patri/Desktop/Li/2/Licenta_Vitis/platform/export/platform/platform.xpfm;xilinx_vck190_base_202320_1|C:/Xilinx/Vitis/2023.2/base_platforms/xilinx_vck190_base_202320_1/xilinx_vck190_base_202320_1.xpfm;xilinx_vck190_base_dfx_202320_1|C:/Xilinx/Vitis/2023.2/base_platforms/xilinx_vck190_base_dfx_202320_1/xilinx_vck190_base_dfx_202320_1.xpfm;xilinx_vek280_es1_base_202320_1|C:/Xilinx/Vitis/2023.2/base_platforms/xilinx_vek280_es1_base_202320_1/xilinx_vek280_es1_base_202320_1.xpfm;xilinx_vmk180_base_202320_1|C:/Xilinx/Vitis/2023.2/base_platforms/xilinx_vmk180_base_202320_1/xilinx_vmk180_base_202320_1.xpfm;xilinx_zcu102_base_202320_1|C:/Xilinx/Vitis/2023.2/base_platforms/xilinx_zcu102_base_202320_1/xilinx_zcu102_base_202320_1.xpfm;xilinx_zcu102_base_dfx_202320_1|C:/Xilinx/Vitis/2023.2/base_platforms/xilinx_zcu102_base_dfx_202320_1/xilinx_zcu102_base_dfx_202320_1.xpfm;xilinx_zcu104_base_202320_1|C:/Xilinx/Vitis/2023.2/base_platforms/xilinx_zcu104_base_202320_1/xilinx_zcu104_base_202320_1.xpfm
21:09:30 INFO  : Checking for BSP changes to sync application flags for project 'Licenta'...
10:47:22 DEBUG : Logs will be stored at 'C:/Users/patri/Desktop/Li/4/Licenta_Vitis/IDE.log'.
10:47:22 INFO  : Launching XSCT server: xsct.bat -n  -interactive C:\Users\patri\Desktop\Li\4\Licenta_Vitis\temp_xsdb_launch_script.tcl
10:47:24 INFO  : Registering command handlers for Vitis TCF services
10:47:24 INFO  : XSCT server has started successfully.
10:47:24 INFO  : plnx-install-location is set to ''
10:47:25 INFO  : Successfully done setting XSCT server connection channel  
10:47:25 INFO  : Successfully done query RDI_DATADIR 
10:47:25 INFO  : Successfully done setting workspace for the tool. 
10:47:25 INFO  : Platform repository initialization has completed.
11:27:29 DEBUG : Logs will be stored at 'C:/Users/patri/Desktop/Li/4/Licenta_Vitis/IDE.log'.
11:27:30 INFO  : Launching XSCT server: xsct.bat -n  -interactive C:\Users\patri\Desktop\Li\4\Licenta_Vitis\temp_xsdb_launch_script.tcl
11:27:32 INFO  : XSCT server has started successfully.
11:27:32 INFO  : plnx-install-location is set to ''
11:27:32 INFO  : Successfully done setting XSCT server connection channel  
11:27:32 INFO  : Successfully done setting workspace for the tool. 
11:27:32 INFO  : Successfully done query RDI_DATADIR 
11:27:32 INFO  : Registering command handlers for Vitis TCF services
11:27:33 INFO  : Platform repository initialization has completed.
13:50:33 INFO  : Result from executing command 'removePlatformRepo': 
13:50:47 INFO  : Result from executing command 'getProjects': platform
13:50:47 INFO  : Result from executing command 'getPlatforms': platform|C:/Users/patri/Desktop/Li/2/Licenta_Vitis/platform/export/platform/platform.xpfm;platform|C:/Users/patri/Desktop/Li/3/Licenta_Vitis/platform/export/platform/platform.xpfm;xilinx_vck190_base_202320_1|C:/Xilinx/Vitis/2023.2/base_platforms/xilinx_vck190_base_202320_1/xilinx_vck190_base_202320_1.xpfm;xilinx_vck190_base_dfx_202320_1|C:/Xilinx/Vitis/2023.2/base_platforms/xilinx_vck190_base_dfx_202320_1/xilinx_vck190_base_dfx_202320_1.xpfm;xilinx_vek280_es1_base_202320_1|C:/Xilinx/Vitis/2023.2/base_platforms/xilinx_vek280_es1_base_202320_1/xilinx_vek280_es1_base_202320_1.xpfm;xilinx_vmk180_base_202320_1|C:/Xilinx/Vitis/2023.2/base_platforms/xilinx_vmk180_base_202320_1/xilinx_vmk180_base_202320_1.xpfm;xilinx_zcu102_base_202320_1|C:/Xilinx/Vitis/2023.2/base_platforms/xilinx_zcu102_base_202320_1/xilinx_zcu102_base_202320_1.xpfm;xilinx_zcu102_base_dfx_202320_1|C:/Xilinx/Vitis/2023.2/base_platforms/xilinx_zcu102_base_dfx_202320_1/xilinx_zcu102_base_dfx_202320_1.xpfm;xilinx_zcu104_base_202320_1|C:/Xilinx/Vitis/2023.2/base_platforms/xilinx_zcu104_base_202320_1/xilinx_zcu104_base_202320_1.xpfm
13:50:48 INFO  : Checking for BSP changes to sync application flags for project 'Licenta'...
