
*** Running vivado
    with args -log Licenta_Design_axi_traffic_gen_0_0.vds -m64 -product Vivado -mode batch -messageDb vivado.pb -notrace -source Licenta_Design_axi_traffic_gen_0_0.tcl



****** Vivado v2023.2.1 (64-bit)
  **** SW Build 4081461 on Thu Dec 14 12:24:51 MST 2023
  **** IP Build 4080415 on Thu Dec 14 21:01:57 MST 2023
  **** SharedData Build 4077621 on Mon Dec 11 00:23:44 MST 2023
    ** Copyright 1986-2022 Xilinx, Inc. All Rights Reserved.
    ** Copyright 2022-2023 Advanced Micro Devices, Inc. All Rights Reserved.

source Licenta_Design_axi_traffic_gen_0_0.tcl -notrace
create_project: Time (s): cpu = 00:00:02 ; elapsed = 00:00:05 . Memory (MB): peak = 574.227 ; gain = 184.492
INFO: [IP_Flow 19-6924] IPCACHE: Running cache check for IP inst: Licenta_Design_axi_traffic_gen_0_0
Command: synth_design -top Licenta_Design_axi_traffic_gen_0_0 -part xc7z020clg484-1 -incremental_mode off -mode out_of_context
Starting synth_design
Attempting to get a license for feature 'Synthesis' and/or device 'xc7z020'
INFO: [Common 17-349] Got license for feature 'Synthesis' and/or device 'xc7z020'
INFO: [Device 21-403] Loading part xc7z020clg484-1
INFO: [Synth 8-7079] Multithreading enabled for synth_design using a maximum of 2 processes.
INFO: [Synth 8-7078] Launching helper process for spawning children vivado processes
INFO: [Synth 8-7075] Helper process launched with PID 20036
---------------------------------------------------------------------------------
Starting RTL Elaboration : Time (s): cpu = 00:00:04 ; elapsed = 00:00:06 . Memory (MB): peak = 1448.129 ; gain = 438.855
---------------------------------------------------------------------------------
WARNING: [Synth 8-10929] literal value 'hff truncated to fit in 7 bits [c:/Users/patri/Desktop/Licenta_1/Licenta_1.gen/sources_1/bd/Licenta_Design/ipshared/95fd/hdl/axi_traffic_gen_v3_0_rfs.v:1615]
WARNING: [Synth 8-11065] parameter 'bmg_xpm_sel' becomes localparam in 'axi_traffic_gen_v3_0_16_systeminit_dmg' with formal parameter declaration list [c:/Users/patri/Desktop/Licenta_1/Licenta_1.gen/sources_1/bd/Licenta_Design/ipshared/95fd/hdl/axi_traffic_gen_v3_0_rfs.v:13936]
INFO: [Synth 8-6157] synthesizing module 'Licenta_Design_axi_traffic_gen_0_0' [c:/Users/patri/Desktop/Licenta_1/Licenta_1.gen/sources_1/bd/Licenta_Design/ip/Licenta_Design_axi_traffic_gen_0_0/synth/Licenta_Design_axi_traffic_gen_0_0.v:53]
INFO: [Synth 8-6157] synthesizing module 'axi_traffic_gen_v3_0_16_top' [c:/Users/patri/Desktop/Licenta_1/Licenta_1.gen/sources_1/bd/Licenta_Design/ipshared/95fd/hdl/axi_traffic_gen_v3_0_rfs.v:15401]
INFO: [Synth 8-6157] synthesizing module 'axi_traffic_gen_v3_0_16_streaming_top' [c:/Users/patri/Desktop/Licenta_1/Licenta_1.gen/sources_1/bd/Licenta_Design/ipshared/95fd/hdl/axi_traffic_gen_v3_0_rfs.v:12710]
INFO: [Synth 8-6157] synthesizing module 'axi_traffic_gen_v3_0_16_randgen' [c:/Users/patri/Desktop/Licenta_1/Licenta_1.gen/sources_1/bd/Licenta_Design/ipshared/95fd/hdl/axi_traffic_gen_v3_0_rfs.v:895]
INFO: [Synth 8-6155] done synthesizing module 'axi_traffic_gen_v3_0_16_randgen' (0#1) [c:/Users/patri/Desktop/Licenta_1/Licenta_1.gen/sources_1/bd/Licenta_Design/ipshared/95fd/hdl/axi_traffic_gen_v3_0_rfs.v:895]
INFO: [Synth 8-6155] done synthesizing module 'axi_traffic_gen_v3_0_16_streaming_top' (0#1) [c:/Users/patri/Desktop/Licenta_1/Licenta_1.gen/sources_1/bd/Licenta_Design/ipshared/95fd/hdl/axi_traffic_gen_v3_0_rfs.v:12710]
INFO: [Synth 8-6157] synthesizing module 'axi_traffic_gen_v3_0_16_asynch_rst_ff' [c:/Users/patri/Desktop/Licenta_1/Licenta_1.gen/sources_1/bd/Licenta_Design/ipshared/95fd/hdl/axi_traffic_gen_v3_0_rfs.v:53]
INFO: [Synth 8-6155] done synthesizing module 'axi_traffic_gen_v3_0_16_asynch_rst_ff' (0#1) [c:/Users/patri/Desktop/Licenta_1/Licenta_1.gen/sources_1/bd/Licenta_Design/ipshared/95fd/hdl/axi_traffic_gen_v3_0_rfs.v:53]
INFO: [Synth 8-638] synthesizing module 'cdc_sync' [c:/Users/patri/Desktop/Licenta_1/Licenta_1.gen/sources_1/bd/Licenta_Design/ipshared/ef1e/hdl/lib_cdc_v1_0_rfs.vhd:106]
	Parameter INIT bound to: 1'b0 
INFO: [Synth 8-113] binding component instance 'CROSS_PLEVEL_IN2SCNDRY_IN_cdc_to' to cell 'FDR' [c:/Users/patri/Desktop/Licenta_1/Licenta_1.gen/sources_1/bd/Licenta_Design/ipshared/ef1e/hdl/lib_cdc_v1_0_rfs.vhd:514]
	Parameter INIT bound to: 1'b0 
INFO: [Synth 8-113] binding component instance 'CROSS_PLEVEL_IN2SCNDRY_s_level_out_d2' to cell 'FDR' [c:/Users/patri/Desktop/Licenta_1/Licenta_1.gen/sources_1/bd/Licenta_Design/ipshared/ef1e/hdl/lib_cdc_v1_0_rfs.vhd:545]
	Parameter INIT bound to: 1'b0 
INFO: [Synth 8-113] binding component instance 'CROSS_PLEVEL_IN2SCNDRY_s_level_out_d3' to cell 'FDR' [c:/Users/patri/Desktop/Licenta_1/Licenta_1.gen/sources_1/bd/Licenta_Design/ipshared/ef1e/hdl/lib_cdc_v1_0_rfs.vhd:554]
	Parameter INIT bound to: 1'b0 
INFO: [Synth 8-113] binding component instance 'CROSS_PLEVEL_IN2SCNDRY_s_level_out_d4' to cell 'FDR' [c:/Users/patri/Desktop/Licenta_1/Licenta_1.gen/sources_1/bd/Licenta_Design/ipshared/ef1e/hdl/lib_cdc_v1_0_rfs.vhd:564]
	Parameter INIT bound to: 1'b0 
INFO: [Synth 8-113] binding component instance 'CROSS_PLEVEL_IN2SCNDRY_s_level_out_d5' to cell 'FDR' [c:/Users/patri/Desktop/Licenta_1/Licenta_1.gen/sources_1/bd/Licenta_Design/ipshared/ef1e/hdl/lib_cdc_v1_0_rfs.vhd:574]
	Parameter INIT bound to: 1'b0 
INFO: [Synth 8-113] binding component instance 'CROSS_PLEVEL_IN2SCNDRY_s_level_out_d6' to cell 'FDR' [c:/Users/patri/Desktop/Licenta_1/Licenta_1.gen/sources_1/bd/Licenta_Design/ipshared/ef1e/hdl/lib_cdc_v1_0_rfs.vhd:584]
INFO: [Synth 8-256] done synthesizing module 'cdc_sync' (0#1) [c:/Users/patri/Desktop/Licenta_1/Licenta_1.gen/sources_1/bd/Licenta_Design/ipshared/ef1e/hdl/lib_cdc_v1_0_rfs.vhd:106]
INFO: [Synth 8-6155] done synthesizing module 'axi_traffic_gen_v3_0_16_top' (0#1) [c:/Users/patri/Desktop/Licenta_1/Licenta_1.gen/sources_1/bd/Licenta_Design/ipshared/95fd/hdl/axi_traffic_gen_v3_0_rfs.v:15401]
INFO: [Synth 8-6155] done synthesizing module 'Licenta_Design_axi_traffic_gen_0_0' (0#1) [c:/Users/patri/Desktop/Licenta_1/Licenta_1.gen/sources_1/bd/Licenta_Design/ip/Licenta_Design_axi_traffic_gen_0_0/synth/Licenta_Design_axi_traffic_gen_0_0.v:53]
WARNING: [Synth 8-6014] Unused sequential element awvalid_s_ff_reg was removed.  [c:/Users/patri/Desktop/Licenta_1/Licenta_1.gen/sources_1/bd/Licenta_Design/ipshared/95fd/hdl/axi_traffic_gen_v3_0_rfs.v:12872]
WARNING: [Synth 8-6014] Unused sequential element wvalid_s_ff_reg was removed.  [c:/Users/patri/Desktop/Licenta_1/Licenta_1.gen/sources_1/bd/Licenta_Design/ipshared/95fd/hdl/axi_traffic_gen_v3_0_rfs.v:12874]
WARNING: [Synth 8-6014] Unused sequential element wstrb_ff_reg was removed.  [c:/Users/patri/Desktop/Licenta_1/Licenta_1.gen/sources_1/bd/Licenta_Design/ipshared/95fd/hdl/axi_traffic_gen_v3_0_rfs.v:12868]
WARNING: [Synth 8-6014] Unused sequential element araddrbus_ff_reg was removed.  [c:/Users/patri/Desktop/Licenta_1/Licenta_1.gen/sources_1/bd/Licenta_Design/ipshared/95fd/hdl/axi_traffic_gen_v3_0_rfs.v:12887]
WARNING: [Synth 8-6014] Unused sequential element arvalid_s_ff_reg was removed.  [c:/Users/patri/Desktop/Licenta_1/Licenta_1.gen/sources_1/bd/Licenta_Design/ipshared/95fd/hdl/axi_traffic_gen_v3_0_rfs.v:12889]
WARNING: [Synth 8-6014] Unused sequential element AXIS1_SPARSE_STROBE.sparse_keep_strb_int_reg was removed.  [c:/Users/patri/Desktop/Licenta_1/Licenta_1.gen/sources_1/bd/Licenta_Design/ipshared/95fd/hdl/axi_traffic_gen_v3_0_rfs.v:13691]
WARNING: [Synth 8-6014] Unused sequential element axis1_gen_in_nxt_data_d1_reg was removed.  [c:/Users/patri/Desktop/Licenta_1/Licenta_1.gen/sources_1/bd/Licenta_Design/ipshared/95fd/hdl/axi_traffic_gen_v3_0_rfs.v:13823]
WARNING: [Synth 8-3848] Net m_axi_awid in module/entity axi_traffic_gen_v3_0_16_top does not have driver. [c:/Users/patri/Desktop/Licenta_1/Licenta_1.gen/sources_1/bd/Licenta_Design/ipshared/95fd/hdl/axi_traffic_gen_v3_0_rfs.v:15537]
WARNING: [Synth 8-3848] Net m_axi_awaddr in module/entity axi_traffic_gen_v3_0_16_top does not have driver. [c:/Users/patri/Desktop/Licenta_1/Licenta_1.gen/sources_1/bd/Licenta_Design/ipshared/95fd/hdl/axi_traffic_gen_v3_0_rfs.v:15538]
WARNING: [Synth 8-3848] Net m_axi_awlen in module/entity axi_traffic_gen_v3_0_16_top does not have driver. [c:/Users/patri/Desktop/Licenta_1/Licenta_1.gen/sources_1/bd/Licenta_Design/ipshared/95fd/hdl/axi_traffic_gen_v3_0_rfs.v:15539]
WARNING: [Synth 8-3848] Net m_axi_awsize in module/entity axi_traffic_gen_v3_0_16_top does not have driver. [c:/Users/patri/Desktop/Licenta_1/Licenta_1.gen/sources_1/bd/Licenta_Design/ipshared/95fd/hdl/axi_traffic_gen_v3_0_rfs.v:15540]
WARNING: [Synth 8-3848] Net m_axi_awburst in module/entity axi_traffic_gen_v3_0_16_top does not have driver. [c:/Users/patri/Desktop/Licenta_1/Licenta_1.gen/sources_1/bd/Licenta_Design/ipshared/95fd/hdl/axi_traffic_gen_v3_0_rfs.v:15541]
WARNING: [Synth 8-3848] Net m_axi_awlock in module/entity axi_traffic_gen_v3_0_16_top does not have driver. [c:/Users/patri/Desktop/Licenta_1/Licenta_1.gen/sources_1/bd/Licenta_Design/ipshared/95fd/hdl/axi_traffic_gen_v3_0_rfs.v:15542]
WARNING: [Synth 8-3848] Net m_axi_awcache in module/entity axi_traffic_gen_v3_0_16_top does not have driver. [c:/Users/patri/Desktop/Licenta_1/Licenta_1.gen/sources_1/bd/Licenta_Design/ipshared/95fd/hdl/axi_traffic_gen_v3_0_rfs.v:15543]
WARNING: [Synth 8-3848] Net m_axi_awprot in module/entity axi_traffic_gen_v3_0_16_top does not have driver. [c:/Users/patri/Desktop/Licenta_1/Licenta_1.gen/sources_1/bd/Licenta_Design/ipshared/95fd/hdl/axi_traffic_gen_v3_0_rfs.v:15544]
WARNING: [Synth 8-3848] Net m_axi_awqos in module/entity axi_traffic_gen_v3_0_16_top does not have driver. [c:/Users/patri/Desktop/Licenta_1/Licenta_1.gen/sources_1/bd/Licenta_Design/ipshared/95fd/hdl/axi_traffic_gen_v3_0_rfs.v:15545]
WARNING: [Synth 8-3848] Net m_axi_awuser in module/entity axi_traffic_gen_v3_0_16_top does not have driver. [c:/Users/patri/Desktop/Licenta_1/Licenta_1.gen/sources_1/bd/Licenta_Design/ipshared/95fd/hdl/axi_traffic_gen_v3_0_rfs.v:15546]
WARNING: [Synth 8-3848] Net m_axi_awvalid in module/entity axi_traffic_gen_v3_0_16_top does not have driver. [c:/Users/patri/Desktop/Licenta_1/Licenta_1.gen/sources_1/bd/Licenta_Design/ipshared/95fd/hdl/axi_traffic_gen_v3_0_rfs.v:15547]
WARNING: [Synth 8-3848] Net m_axi_wlast in module/entity axi_traffic_gen_v3_0_16_top does not have driver. [c:/Users/patri/Desktop/Licenta_1/Licenta_1.gen/sources_1/bd/Licenta_Design/ipshared/95fd/hdl/axi_traffic_gen_v3_0_rfs.v:15549]
WARNING: [Synth 8-3848] Net m_axi_wdata in module/entity axi_traffic_gen_v3_0_16_top does not have driver. [c:/Users/patri/Desktop/Licenta_1/Licenta_1.gen/sources_1/bd/Licenta_Design/ipshared/95fd/hdl/axi_traffic_gen_v3_0_rfs.v:15550]
WARNING: [Synth 8-3848] Net m_axi_wstrb in module/entity axi_traffic_gen_v3_0_16_top does not have driver. [c:/Users/patri/Desktop/Licenta_1/Licenta_1.gen/sources_1/bd/Licenta_Design/ipshared/95fd/hdl/axi_traffic_gen_v3_0_rfs.v:15551]
WARNING: [Synth 8-3848] Net m_axi_wvalid in module/entity axi_traffic_gen_v3_0_16_top does not have driver. [c:/Users/patri/Desktop/Licenta_1/Licenta_1.gen/sources_1/bd/Licenta_Design/ipshared/95fd/hdl/axi_traffic_gen_v3_0_rfs.v:15552]
WARNING: [Synth 8-3848] Net m_axi_bready in module/entity axi_traffic_gen_v3_0_16_top does not have driver. [c:/Users/patri/Desktop/Licenta_1/Licenta_1.gen/sources_1/bd/Licenta_Design/ipshared/95fd/hdl/axi_traffic_gen_v3_0_rfs.v:15557]
WARNING: [Synth 8-3848] Net m_axi_arid in module/entity axi_traffic_gen_v3_0_16_top does not have driver. [c:/Users/patri/Desktop/Licenta_1/Licenta_1.gen/sources_1/bd/Licenta_Design/ipshared/95fd/hdl/axi_traffic_gen_v3_0_rfs.v:15559]
WARNING: [Synth 8-3848] Net m_axi_araddr in module/entity axi_traffic_gen_v3_0_16_top does not have driver. [c:/Users/patri/Desktop/Licenta_1/Licenta_1.gen/sources_1/bd/Licenta_Design/ipshared/95fd/hdl/axi_traffic_gen_v3_0_rfs.v:15560]
WARNING: [Synth 8-3848] Net m_axi_arlen in module/entity axi_traffic_gen_v3_0_16_top does not have driver. [c:/Users/patri/Desktop/Licenta_1/Licenta_1.gen/sources_1/bd/Licenta_Design/ipshared/95fd/hdl/axi_traffic_gen_v3_0_rfs.v:15561]
WARNING: [Synth 8-3848] Net m_axi_arsize in module/entity axi_traffic_gen_v3_0_16_top does not have driver. [c:/Users/patri/Desktop/Licenta_1/Licenta_1.gen/sources_1/bd/Licenta_Design/ipshared/95fd/hdl/axi_traffic_gen_v3_0_rfs.v:15562]
WARNING: [Synth 8-3848] Net m_axi_arburst in module/entity axi_traffic_gen_v3_0_16_top does not have driver. [c:/Users/patri/Desktop/Licenta_1/Licenta_1.gen/sources_1/bd/Licenta_Design/ipshared/95fd/hdl/axi_traffic_gen_v3_0_rfs.v:15563]
WARNING: [Synth 8-3848] Net m_axi_arlock in module/entity axi_traffic_gen_v3_0_16_top does not have driver. [c:/Users/patri/Desktop/Licenta_1/Licenta_1.gen/sources_1/bd/Licenta_Design/ipshared/95fd/hdl/axi_traffic_gen_v3_0_rfs.v:15564]
WARNING: [Synth 8-3848] Net m_axi_arcache in module/entity axi_traffic_gen_v3_0_16_top does not have driver. [c:/Users/patri/Desktop/Licenta_1/Licenta_1.gen/sources_1/bd/Licenta_Design/ipshared/95fd/hdl/axi_traffic_gen_v3_0_rfs.v:15565]
WARNING: [Synth 8-3848] Net m_axi_arprot in module/entity axi_traffic_gen_v3_0_16_top does not have driver. [c:/Users/patri/Desktop/Licenta_1/Licenta_1.gen/sources_1/bd/Licenta_Design/ipshared/95fd/hdl/axi_traffic_gen_v3_0_rfs.v:15566]
WARNING: [Synth 8-3848] Net m_axi_arqos in module/entity axi_traffic_gen_v3_0_16_top does not have driver. [c:/Users/patri/Desktop/Licenta_1/Licenta_1.gen/sources_1/bd/Licenta_Design/ipshared/95fd/hdl/axi_traffic_gen_v3_0_rfs.v:15567]
WARNING: [Synth 8-3848] Net m_axi_aruser in module/entity axi_traffic_gen_v3_0_16_top does not have driver. [c:/Users/patri/Desktop/Licenta_1/Licenta_1.gen/sources_1/bd/Licenta_Design/ipshared/95fd/hdl/axi_traffic_gen_v3_0_rfs.v:15568]
WARNING: [Synth 8-3848] Net m_axi_arvalid in module/entity axi_traffic_gen_v3_0_16_top does not have driver. [c:/Users/patri/Desktop/Licenta_1/Licenta_1.gen/sources_1/bd/Licenta_Design/ipshared/95fd/hdl/axi_traffic_gen_v3_0_rfs.v:15569]
WARNING: [Synth 8-3848] Net m_axi_rready in module/entity axi_traffic_gen_v3_0_16_top does not have driver. [c:/Users/patri/Desktop/Licenta_1/Licenta_1.gen/sources_1/bd/Licenta_Design/ipshared/95fd/hdl/axi_traffic_gen_v3_0_rfs.v:15576]
WARNING: [Synth 8-3848] Net irq_out in module/entity axi_traffic_gen_v3_0_16_top does not have driver. [c:/Users/patri/Desktop/Licenta_1/Licenta_1.gen/sources_1/bd/Licenta_Design/ipshared/95fd/hdl/axi_traffic_gen_v3_0_rfs.v:15620]
WARNING: [Synth 8-3848] Net m_axi_lite_ch1_awaddr in module/entity axi_traffic_gen_v3_0_16_top does not have driver. [c:/Users/patri/Desktop/Licenta_1/Licenta_1.gen/sources_1/bd/Licenta_Design/ipshared/95fd/hdl/axi_traffic_gen_v3_0_rfs.v:15624]
WARNING: [Synth 8-3848] Net m_axi_lite_ch1_awprot in module/entity axi_traffic_gen_v3_0_16_top does not have driver. [c:/Users/patri/Desktop/Licenta_1/Licenta_1.gen/sources_1/bd/Licenta_Design/ipshared/95fd/hdl/axi_traffic_gen_v3_0_rfs.v:15625]
WARNING: [Synth 8-3848] Net m_axi_lite_ch1_awvalid in module/entity axi_traffic_gen_v3_0_16_top does not have driver. [c:/Users/patri/Desktop/Licenta_1/Licenta_1.gen/sources_1/bd/Licenta_Design/ipshared/95fd/hdl/axi_traffic_gen_v3_0_rfs.v:15626]
WARNING: [Synth 8-3848] Net m_axi_lite_ch1_wdata in module/entity axi_traffic_gen_v3_0_16_top does not have driver. [c:/Users/patri/Desktop/Licenta_1/Licenta_1.gen/sources_1/bd/Licenta_Design/ipshared/95fd/hdl/axi_traffic_gen_v3_0_rfs.v:15628]
WARNING: [Synth 8-3848] Net m_axi_lite_ch1_wstrb in module/entity axi_traffic_gen_v3_0_16_top does not have driver. [c:/Users/patri/Desktop/Licenta_1/Licenta_1.gen/sources_1/bd/Licenta_Design/ipshared/95fd/hdl/axi_traffic_gen_v3_0_rfs.v:15629]
WARNING: [Synth 8-3848] Net m_axi_lite_ch1_wvalid in module/entity axi_traffic_gen_v3_0_16_top does not have driver. [c:/Users/patri/Desktop/Licenta_1/Licenta_1.gen/sources_1/bd/Licenta_Design/ipshared/95fd/hdl/axi_traffic_gen_v3_0_rfs.v:15630]
WARNING: [Synth 8-3848] Net m_axi_lite_ch1_bready in module/entity axi_traffic_gen_v3_0_16_top does not have driver. [c:/Users/patri/Desktop/Licenta_1/Licenta_1.gen/sources_1/bd/Licenta_Design/ipshared/95fd/hdl/axi_traffic_gen_v3_0_rfs.v:15634]
WARNING: [Synth 8-3848] Net m_axi_lite_ch1_araddr in module/entity axi_traffic_gen_v3_0_16_top does not have driver. [c:/Users/patri/Desktop/Licenta_1/Licenta_1.gen/sources_1/bd/Licenta_Design/ipshared/95fd/hdl/axi_traffic_gen_v3_0_rfs.v:15635]
WARNING: [Synth 8-3848] Net m_axi_lite_ch1_arvalid in module/entity axi_traffic_gen_v3_0_16_top does not have driver. [c:/Users/patri/Desktop/Licenta_1/Licenta_1.gen/sources_1/bd/Licenta_Design/ipshared/95fd/hdl/axi_traffic_gen_v3_0_rfs.v:15636]
WARNING: [Synth 8-3848] Net m_axi_lite_ch1_rready in module/entity axi_traffic_gen_v3_0_16_top does not have driver. [c:/Users/patri/Desktop/Licenta_1/Licenta_1.gen/sources_1/bd/Licenta_Design/ipshared/95fd/hdl/axi_traffic_gen_v3_0_rfs.v:15641]
WARNING: [Synth 8-3848] Net m_axi_lite_ch2_awaddr in module/entity axi_traffic_gen_v3_0_16_top does not have driver. [c:/Users/patri/Desktop/Licenta_1/Licenta_1.gen/sources_1/bd/Licenta_Design/ipshared/95fd/hdl/axi_traffic_gen_v3_0_rfs.v:15642]
WARNING: [Synth 8-3848] Net m_axi_lite_ch2_awprot in module/entity axi_traffic_gen_v3_0_16_top does not have driver. [c:/Users/patri/Desktop/Licenta_1/Licenta_1.gen/sources_1/bd/Licenta_Design/ipshared/95fd/hdl/axi_traffic_gen_v3_0_rfs.v:15643]
WARNING: [Synth 8-3848] Net m_axi_lite_ch2_awvalid in module/entity axi_traffic_gen_v3_0_16_top does not have driver. [c:/Users/patri/Desktop/Licenta_1/Licenta_1.gen/sources_1/bd/Licenta_Design/ipshared/95fd/hdl/axi_traffic_gen_v3_0_rfs.v:15644]
WARNING: [Synth 8-3848] Net m_axi_lite_ch2_wdata in module/entity axi_traffic_gen_v3_0_16_top does not have driver. [c:/Users/patri/Desktop/Licenta_1/Licenta_1.gen/sources_1/bd/Licenta_Design/ipshared/95fd/hdl/axi_traffic_gen_v3_0_rfs.v:15646]
WARNING: [Synth 8-3848] Net m_axi_lite_ch2_wstrb in module/entity axi_traffic_gen_v3_0_16_top does not have driver. [c:/Users/patri/Desktop/Licenta_1/Licenta_1.gen/sources_1/bd/Licenta_Design/ipshared/95fd/hdl/axi_traffic_gen_v3_0_rfs.v:15647]
WARNING: [Synth 8-3848] Net m_axi_lite_ch2_wvalid in module/entity axi_traffic_gen_v3_0_16_top does not have driver. [c:/Users/patri/Desktop/Licenta_1/Licenta_1.gen/sources_1/bd/Licenta_Design/ipshared/95fd/hdl/axi_traffic_gen_v3_0_rfs.v:15648]
WARNING: [Synth 8-3848] Net m_axi_lite_ch2_bready in module/entity axi_traffic_gen_v3_0_16_top does not have driver. [c:/Users/patri/Desktop/Licenta_1/Licenta_1.gen/sources_1/bd/Licenta_Design/ipshared/95fd/hdl/axi_traffic_gen_v3_0_rfs.v:15652]
WARNING: [Synth 8-3848] Net m_axi_lite_ch2_araddr in module/entity axi_traffic_gen_v3_0_16_top does not have driver. [c:/Users/patri/Desktop/Licenta_1/Licenta_1.gen/sources_1/bd/Licenta_Design/ipshared/95fd/hdl/axi_traffic_gen_v3_0_rfs.v:15653]
WARNING: [Synth 8-3848] Net m_axi_lite_ch2_arvalid in module/entity axi_traffic_gen_v3_0_16_top does not have driver. [c:/Users/patri/Desktop/Licenta_1/Licenta_1.gen/sources_1/bd/Licenta_Design/ipshared/95fd/hdl/axi_traffic_gen_v3_0_rfs.v:15654]
WARNING: [Synth 8-3848] Net m_axi_lite_ch2_rready in module/entity axi_traffic_gen_v3_0_16_top does not have driver. [c:/Users/patri/Desktop/Licenta_1/Licenta_1.gen/sources_1/bd/Licenta_Design/ipshared/95fd/hdl/axi_traffic_gen_v3_0_rfs.v:15659]
WARNING: [Synth 8-3848] Net m_axi_lite_ch3_awaddr in module/entity axi_traffic_gen_v3_0_16_top does not have driver. [c:/Users/patri/Desktop/Licenta_1/Licenta_1.gen/sources_1/bd/Licenta_Design/ipshared/95fd/hdl/axi_traffic_gen_v3_0_rfs.v:15660]
WARNING: [Synth 8-3848] Net m_axi_lite_ch3_awprot in module/entity axi_traffic_gen_v3_0_16_top does not have driver. [c:/Users/patri/Desktop/Licenta_1/Licenta_1.gen/sources_1/bd/Licenta_Design/ipshared/95fd/hdl/axi_traffic_gen_v3_0_rfs.v:15661]
WARNING: [Synth 8-3848] Net m_axi_lite_ch3_awvalid in module/entity axi_traffic_gen_v3_0_16_top does not have driver. [c:/Users/patri/Desktop/Licenta_1/Licenta_1.gen/sources_1/bd/Licenta_Design/ipshared/95fd/hdl/axi_traffic_gen_v3_0_rfs.v:15662]
WARNING: [Synth 8-3848] Net m_axi_lite_ch3_wdata in module/entity axi_traffic_gen_v3_0_16_top does not have driver. [c:/Users/patri/Desktop/Licenta_1/Licenta_1.gen/sources_1/bd/Licenta_Design/ipshared/95fd/hdl/axi_traffic_gen_v3_0_rfs.v:15664]
WARNING: [Synth 8-3848] Net m_axi_lite_ch3_wstrb in module/entity axi_traffic_gen_v3_0_16_top does not have driver. [c:/Users/patri/Desktop/Licenta_1/Licenta_1.gen/sources_1/bd/Licenta_Design/ipshared/95fd/hdl/axi_traffic_gen_v3_0_rfs.v:15665]
WARNING: [Synth 8-3848] Net m_axi_lite_ch3_wvalid in module/entity axi_traffic_gen_v3_0_16_top does not have driver. [c:/Users/patri/Desktop/Licenta_1/Licenta_1.gen/sources_1/bd/Licenta_Design/ipshared/95fd/hdl/axi_traffic_gen_v3_0_rfs.v:15666]
WARNING: [Synth 8-3848] Net m_axi_lite_ch3_bready in module/entity axi_traffic_gen_v3_0_16_top does not have driver. [c:/Users/patri/Desktop/Licenta_1/Licenta_1.gen/sources_1/bd/Licenta_Design/ipshared/95fd/hdl/axi_traffic_gen_v3_0_rfs.v:15670]
WARNING: [Synth 8-3848] Net m_axi_lite_ch3_araddr in module/entity axi_traffic_gen_v3_0_16_top does not have driver. [c:/Users/patri/Desktop/Licenta_1/Licenta_1.gen/sources_1/bd/Licenta_Design/ipshared/95fd/hdl/axi_traffic_gen_v3_0_rfs.v:15671]
WARNING: [Synth 8-3848] Net m_axi_lite_ch3_arvalid in module/entity axi_traffic_gen_v3_0_16_top does not have driver. [c:/Users/patri/Desktop/Licenta_1/Licenta_1.gen/sources_1/bd/Licenta_Design/ipshared/95fd/hdl/axi_traffic_gen_v3_0_rfs.v:15672]
WARNING: [Synth 8-3848] Net m_axi_lite_ch3_rready in module/entity axi_traffic_gen_v3_0_16_top does not have driver. [c:/Users/patri/Desktop/Licenta_1/Licenta_1.gen/sources_1/bd/Licenta_Design/ipshared/95fd/hdl/axi_traffic_gen_v3_0_rfs.v:15677]
WARNING: [Synth 8-3848] Net m_axi_lite_ch4_awaddr in module/entity axi_traffic_gen_v3_0_16_top does not have driver. [c:/Users/patri/Desktop/Licenta_1/Licenta_1.gen/sources_1/bd/Licenta_Design/ipshared/95fd/hdl/axi_traffic_gen_v3_0_rfs.v:15678]
WARNING: [Synth 8-3848] Net m_axi_lite_ch4_awprot in module/entity axi_traffic_gen_v3_0_16_top does not have driver. [c:/Users/patri/Desktop/Licenta_1/Licenta_1.gen/sources_1/bd/Licenta_Design/ipshared/95fd/hdl/axi_traffic_gen_v3_0_rfs.v:15679]
WARNING: [Synth 8-3848] Net m_axi_lite_ch4_awvalid in module/entity axi_traffic_gen_v3_0_16_top does not have driver. [c:/Users/patri/Desktop/Licenta_1/Licenta_1.gen/sources_1/bd/Licenta_Design/ipshared/95fd/hdl/axi_traffic_gen_v3_0_rfs.v:15680]
WARNING: [Synth 8-3848] Net m_axi_lite_ch4_wdata in module/entity axi_traffic_gen_v3_0_16_top does not have driver. [c:/Users/patri/Desktop/Licenta_1/Licenta_1.gen/sources_1/bd/Licenta_Design/ipshared/95fd/hdl/axi_traffic_gen_v3_0_rfs.v:15682]
WARNING: [Synth 8-3848] Net m_axi_lite_ch4_wstrb in module/entity axi_traffic_gen_v3_0_16_top does not have driver. [c:/Users/patri/Desktop/Licenta_1/Licenta_1.gen/sources_1/bd/Licenta_Design/ipshared/95fd/hdl/axi_traffic_gen_v3_0_rfs.v:15683]
WARNING: [Synth 8-3848] Net m_axi_lite_ch4_wvalid in module/entity axi_traffic_gen_v3_0_16_top does not have driver. [c:/Users/patri/Desktop/Licenta_1/Licenta_1.gen/sources_1/bd/Licenta_Design/ipshared/95fd/hdl/axi_traffic_gen_v3_0_rfs.v:15684]
WARNING: [Synth 8-3848] Net m_axi_lite_ch4_bready in module/entity axi_traffic_gen_v3_0_16_top does not have driver. [c:/Users/patri/Desktop/Licenta_1/Licenta_1.gen/sources_1/bd/Licenta_Design/ipshared/95fd/hdl/axi_traffic_gen_v3_0_rfs.v:15688]
WARNING: [Synth 8-3848] Net m_axi_lite_ch4_araddr in module/entity axi_traffic_gen_v3_0_16_top does not have driver. [c:/Users/patri/Desktop/Licenta_1/Licenta_1.gen/sources_1/bd/Licenta_Design/ipshared/95fd/hdl/axi_traffic_gen_v3_0_rfs.v:15689]
WARNING: [Synth 8-3848] Net m_axi_lite_ch4_arvalid in module/entity axi_traffic_gen_v3_0_16_top does not have driver. [c:/Users/patri/Desktop/Licenta_1/Licenta_1.gen/sources_1/bd/Licenta_Design/ipshared/95fd/hdl/axi_traffic_gen_v3_0_rfs.v:15690]
WARNING: [Synth 8-3848] Net m_axi_lite_ch4_rready in module/entity axi_traffic_gen_v3_0_16_top does not have driver. [c:/Users/patri/Desktop/Licenta_1/Licenta_1.gen/sources_1/bd/Licenta_Design/ipshared/95fd/hdl/axi_traffic_gen_v3_0_rfs.v:15695]
WARNING: [Synth 8-3848] Net m_axi_lite_ch5_awaddr in module/entity axi_traffic_gen_v3_0_16_top does not have driver. [c:/Users/patri/Desktop/Licenta_1/Licenta_1.gen/sources_1/bd/Licenta_Design/ipshared/95fd/hdl/axi_traffic_gen_v3_0_rfs.v:15696]
WARNING: [Synth 8-3848] Net m_axi_lite_ch5_awprot in module/entity axi_traffic_gen_v3_0_16_top does not have driver. [c:/Users/patri/Desktop/Licenta_1/Licenta_1.gen/sources_1/bd/Licenta_Design/ipshared/95fd/hdl/axi_traffic_gen_v3_0_rfs.v:15697]
WARNING: [Synth 8-3848] Net m_axi_lite_ch5_awvalid in module/entity axi_traffic_gen_v3_0_16_top does not have driver. [c:/Users/patri/Desktop/Licenta_1/Licenta_1.gen/sources_1/bd/Licenta_Design/ipshared/95fd/hdl/axi_traffic_gen_v3_0_rfs.v:15698]
WARNING: [Synth 8-3848] Net m_axi_lite_ch5_wdata in module/entity axi_traffic_gen_v3_0_16_top does not have driver. [c:/Users/patri/Desktop/Licenta_1/Licenta_1.gen/sources_1/bd/Licenta_Design/ipshared/95fd/hdl/axi_traffic_gen_v3_0_rfs.v:15700]
WARNING: [Synth 8-3848] Net m_axi_lite_ch5_wstrb in module/entity axi_traffic_gen_v3_0_16_top does not have driver. [c:/Users/patri/Desktop/Licenta_1/Licenta_1.gen/sources_1/bd/Licenta_Design/ipshared/95fd/hdl/axi_traffic_gen_v3_0_rfs.v:15701]
WARNING: [Synth 8-3848] Net m_axi_lite_ch5_wvalid in module/entity axi_traffic_gen_v3_0_16_top does not have driver. [c:/Users/patri/Desktop/Licenta_1/Licenta_1.gen/sources_1/bd/Licenta_Design/ipshared/95fd/hdl/axi_traffic_gen_v3_0_rfs.v:15702]
WARNING: [Synth 8-3848] Net m_axi_lite_ch5_bready in module/entity axi_traffic_gen_v3_0_16_top does not have driver. [c:/Users/patri/Desktop/Licenta_1/Licenta_1.gen/sources_1/bd/Licenta_Design/ipshared/95fd/hdl/axi_traffic_gen_v3_0_rfs.v:15706]
WARNING: [Synth 8-3848] Net m_axi_lite_ch5_araddr in module/entity axi_traffic_gen_v3_0_16_top does not have driver. [c:/Users/patri/Desktop/Licenta_1/Licenta_1.gen/sources_1/bd/Licenta_Design/ipshared/95fd/hdl/axi_traffic_gen_v3_0_rfs.v:15707]
WARNING: [Synth 8-3848] Net m_axi_lite_ch5_arvalid in module/entity axi_traffic_gen_v3_0_16_top does not have driver. [c:/Users/patri/Desktop/Licenta_1/Licenta_1.gen/sources_1/bd/Licenta_Design/ipshared/95fd/hdl/axi_traffic_gen_v3_0_rfs.v:15708]
WARNING: [Synth 8-3848] Net m_axi_lite_ch5_rready in module/entity axi_traffic_gen_v3_0_16_top does not have driver. [c:/Users/patri/Desktop/Licenta_1/Licenta_1.gen/sources_1/bd/Licenta_Design/ipshared/95fd/hdl/axi_traffic_gen_v3_0_rfs.v:15713]
WARNING: [Synth 8-3848] Net done in module/entity axi_traffic_gen_v3_0_16_top does not have driver. [c:/Users/patri/Desktop/Licenta_1/Licenta_1.gen/sources_1/bd/Licenta_Design/ipshared/95fd/hdl/axi_traffic_gen_v3_0_rfs.v:15714]
WARNING: [Synth 8-3848] Net status in module/entity axi_traffic_gen_v3_0_16_top does not have driver. [c:/Users/patri/Desktop/Licenta_1/Licenta_1.gen/sources_1/bd/Licenta_Design/ipshared/95fd/hdl/axi_traffic_gen_v3_0_rfs.v:15715]
WARNING: [Synth 8-7129] Port prmry_aclk in module cdc_sync is either unconnected or has no load
WARNING: [Synth 8-7129] Port prmry_resetn in module cdc_sync is either unconnected or has no load
WARNING: [Synth 8-7129] Port prmry_vect_in[0] in module cdc_sync is either unconnected or has no load
WARNING: [Synth 8-7129] Port scndry_resetn in module cdc_sync is either unconnected or has no load
WARNING: [Synth 8-7129] Port wlast_s in module axi_traffic_gen_v3_0_16_streaming_top is either unconnected or has no load
WARNING: [Synth 8-7129] Port wstrb_s[3] in module axi_traffic_gen_v3_0_16_streaming_top is either unconnected or has no load
WARNING: [Synth 8-7129] Port wstrb_s[2] in module axi_traffic_gen_v3_0_16_streaming_top is either unconnected or has no load
WARNING: [Synth 8-7129] Port wstrb_s[1] in module axi_traffic_gen_v3_0_16_streaming_top is either unconnected or has no load
WARNING: [Synth 8-7129] Port wstrb_s[0] in module axi_traffic_gen_v3_0_16_streaming_top is either unconnected or has no load
WARNING: [Synth 8-7129] Port araddr_s[31] in module axi_traffic_gen_v3_0_16_streaming_top is either unconnected or has no load
WARNING: [Synth 8-7129] Port araddr_s[30] in module axi_traffic_gen_v3_0_16_streaming_top is either unconnected or has no load
WARNING: [Synth 8-7129] Port araddr_s[29] in module axi_traffic_gen_v3_0_16_streaming_top is either unconnected or has no load
WARNING: [Synth 8-7129] Port araddr_s[28] in module axi_traffic_gen_v3_0_16_streaming_top is either unconnected or has no load
WARNING: [Synth 8-7129] Port araddr_s[27] in module axi_traffic_gen_v3_0_16_streaming_top is either unconnected or has no load
WARNING: [Synth 8-7129] Port araddr_s[26] in module axi_traffic_gen_v3_0_16_streaming_top is either unconnected or has no load
WARNING: [Synth 8-7129] Port araddr_s[25] in module axi_traffic_gen_v3_0_16_streaming_top is either unconnected or has no load
WARNING: [Synth 8-7129] Port araddr_s[24] in module axi_traffic_gen_v3_0_16_streaming_top is either unconnected or has no load
WARNING: [Synth 8-7129] Port araddr_s[23] in module axi_traffic_gen_v3_0_16_streaming_top is either unconnected or has no load
WARNING: [Synth 8-7129] Port araddr_s[22] in module axi_traffic_gen_v3_0_16_streaming_top is either unconnected or has no load
WARNING: [Synth 8-7129] Port araddr_s[21] in module axi_traffic_gen_v3_0_16_streaming_top is either unconnected or has no load
WARNING: [Synth 8-7129] Port araddr_s[20] in module axi_traffic_gen_v3_0_16_streaming_top is either unconnected or has no load
WARNING: [Synth 8-7129] Port araddr_s[19] in module axi_traffic_gen_v3_0_16_streaming_top is either unconnected or has no load
WARNING: [Synth 8-7129] Port araddr_s[18] in module axi_traffic_gen_v3_0_16_streaming_top is either unconnected or has no load
WARNING: [Synth 8-7129] Port araddr_s[17] in module axi_traffic_gen_v3_0_16_streaming_top is either unconnected or has no load
WARNING: [Synth 8-7129] Port araddr_s[16] in module axi_traffic_gen_v3_0_16_streaming_top is either unconnected or has no load
WARNING: [Synth 8-7129] Port araddr_s[15] in module axi_traffic_gen_v3_0_16_streaming_top is either unconnected or has no load
WARNING: [Synth 8-7129] Port araddr_s[14] in module axi_traffic_gen_v3_0_16_streaming_top is either unconnected or has no load
WARNING: [Synth 8-7129] Port araddr_s[13] in module axi_traffic_gen_v3_0_16_streaming_top is either unconnected or has no load
WARNING: [Synth 8-7129] Port araddr_s[12] in module axi_traffic_gen_v3_0_16_streaming_top is either unconnected or has no load
WARNING: [Synth 8-7129] Port araddr_s[11] in module axi_traffic_gen_v3_0_16_streaming_top is either unconnected or has no load
WARNING: [Synth 8-7129] Port araddr_s[10] in module axi_traffic_gen_v3_0_16_streaming_top is either unconnected or has no load
WARNING: [Synth 8-7129] Port araddr_s[9] in module axi_traffic_gen_v3_0_16_streaming_top is either unconnected or has no load
WARNING: [Synth 8-7129] Port araddr_s[8] in module axi_traffic_gen_v3_0_16_streaming_top is either unconnected or has no load
WARNING: [Synth 8-7129] Port araddr_s[7] in module axi_traffic_gen_v3_0_16_streaming_top is either unconnected or has no load
WARNING: [Synth 8-7129] Port araddr_s[1] in module axi_traffic_gen_v3_0_16_streaming_top is either unconnected or has no load
WARNING: [Synth 8-7129] Port araddr_s[0] in module axi_traffic_gen_v3_0_16_streaming_top is either unconnected or has no load
WARNING: [Synth 8-7129] Port axis1_in_tvalid in module axi_traffic_gen_v3_0_16_streaming_top is either unconnected or has no load
WARNING: [Synth 8-7129] Port axis1_in_tlast in module axi_traffic_gen_v3_0_16_streaming_top is either unconnected or has no load
WARNING: [Synth 8-7129] Port axis1_in_tdata[31] in module axi_traffic_gen_v3_0_16_streaming_top is either unconnected or has no load
WARNING: [Synth 8-7129] Port axis1_in_tdata[30] in module axi_traffic_gen_v3_0_16_streaming_top is either unconnected or has no load
WARNING: [Synth 8-7129] Port axis1_in_tdata[29] in module axi_traffic_gen_v3_0_16_streaming_top is either unconnected or has no load
WARNING: [Synth 8-7129] Port axis1_in_tdata[28] in module axi_traffic_gen_v3_0_16_streaming_top is either unconnected or has no load
WARNING: [Synth 8-7129] Port axis1_in_tdata[27] in module axi_traffic_gen_v3_0_16_streaming_top is either unconnected or has no load
WARNING: [Synth 8-7129] Port axis1_in_tdata[26] in module axi_traffic_gen_v3_0_16_streaming_top is either unconnected or has no load
WARNING: [Synth 8-7129] Port axis1_in_tdata[25] in module axi_traffic_gen_v3_0_16_streaming_top is either unconnected or has no load
WARNING: [Synth 8-7129] Port axis1_in_tdata[24] in module axi_traffic_gen_v3_0_16_streaming_top is either unconnected or has no load
WARNING: [Synth 8-7129] Port axis1_in_tdata[23] in module axi_traffic_gen_v3_0_16_streaming_top is either unconnected or has no load
WARNING: [Synth 8-7129] Port axis1_in_tdata[22] in module axi_traffic_gen_v3_0_16_streaming_top is either unconnected or has no load
WARNING: [Synth 8-7129] Port axis1_in_tdata[21] in module axi_traffic_gen_v3_0_16_streaming_top is either unconnected or has no load
WARNING: [Synth 8-7129] Port axis1_in_tdata[20] in module axi_traffic_gen_v3_0_16_streaming_top is either unconnected or has no load
WARNING: [Synth 8-7129] Port axis1_in_tdata[19] in module axi_traffic_gen_v3_0_16_streaming_top is either unconnected or has no load
WARNING: [Synth 8-7129] Port axis1_in_tdata[18] in module axi_traffic_gen_v3_0_16_streaming_top is either unconnected or has no load
WARNING: [Synth 8-7129] Port axis1_in_tdata[17] in module axi_traffic_gen_v3_0_16_streaming_top is either unconnected or has no load
WARNING: [Synth 8-7129] Port axis1_in_tdata[16] in module axi_traffic_gen_v3_0_16_streaming_top is either unconnected or has no load
WARNING: [Synth 8-7129] Port axis1_in_tdata[15] in module axi_traffic_gen_v3_0_16_streaming_top is either unconnected or has no load
WARNING: [Synth 8-7129] Port axis1_in_tdata[14] in module axi_traffic_gen_v3_0_16_streaming_top is either unconnected or has no load
WARNING: [Synth 8-7129] Port axis1_in_tdata[13] in module axi_traffic_gen_v3_0_16_streaming_top is either unconnected or has no load
WARNING: [Synth 8-7129] Port axis1_in_tdata[12] in module axi_traffic_gen_v3_0_16_streaming_top is either unconnected or has no load
WARNING: [Synth 8-7129] Port axis1_in_tdata[11] in module axi_traffic_gen_v3_0_16_streaming_top is either unconnected or has no load
WARNING: [Synth 8-7129] Port axis1_in_tdata[10] in module axi_traffic_gen_v3_0_16_streaming_top is either unconnected or has no load
WARNING: [Synth 8-7129] Port axis1_in_tdata[9] in module axi_traffic_gen_v3_0_16_streaming_top is either unconnected or has no load
WARNING: [Synth 8-7129] Port axis1_in_tdata[8] in module axi_traffic_gen_v3_0_16_streaming_top is either unconnected or has no load
WARNING: [Synth 8-7129] Port axis1_in_tdata[7] in module axi_traffic_gen_v3_0_16_streaming_top is either unconnected or has no load
WARNING: [Synth 8-7129] Port axis1_in_tdata[6] in module axi_traffic_gen_v3_0_16_streaming_top is either unconnected or has no load
WARNING: [Synth 8-7129] Port axis1_in_tdata[5] in module axi_traffic_gen_v3_0_16_streaming_top is either unconnected or has no load
WARNING: [Synth 8-7129] Port axis1_in_tdata[4] in module axi_traffic_gen_v3_0_16_streaming_top is either unconnected or has no load
WARNING: [Synth 8-7129] Port axis1_in_tdata[3] in module axi_traffic_gen_v3_0_16_streaming_top is either unconnected or has no load
WARNING: [Synth 8-7129] Port axis1_in_tdata[2] in module axi_traffic_gen_v3_0_16_streaming_top is either unconnected or has no load
WARNING: [Synth 8-7129] Port axis1_in_tdata[1] in module axi_traffic_gen_v3_0_16_streaming_top is either unconnected or has no load
WARNING: [Synth 8-7129] Port axis1_in_tdata[0] in module axi_traffic_gen_v3_0_16_streaming_top is either unconnected or has no load
WARNING: [Synth 8-7129] Port axis1_in_tstrb[3] in module axi_traffic_gen_v3_0_16_streaming_top is either unconnected or has no load
WARNING: [Synth 8-7129] Port axis1_in_tstrb[2] in module axi_traffic_gen_v3_0_16_streaming_top is either unconnected or has no load
WARNING: [Synth 8-7129] Port axis1_in_tstrb[1] in module axi_traffic_gen_v3_0_16_streaming_top is either unconnected or has no load
WARNING: [Synth 8-7129] Port axis1_in_tstrb[0] in module axi_traffic_gen_v3_0_16_streaming_top is either unconnected or has no load
WARNING: [Synth 8-7129] Port axis1_in_tkeep[3] in module axi_traffic_gen_v3_0_16_streaming_top is either unconnected or has no load
WARNING: [Synth 8-7129] Port axis1_in_tkeep[2] in module axi_traffic_gen_v3_0_16_streaming_top is either unconnected or has no load
WARNING: [Synth 8-7129] Port axis1_in_tkeep[1] in module axi_traffic_gen_v3_0_16_streaming_top is either unconnected or has no load
WARNING: [Synth 8-7129] Port axis1_in_tkeep[0] in module axi_traffic_gen_v3_0_16_streaming_top is either unconnected or has no load
WARNING: [Synth 8-7129] Port axis1_in_tuser[7] in module axi_traffic_gen_v3_0_16_streaming_top is either unconnected or has no load
WARNING: [Synth 8-7129] Port axis1_in_tuser[6] in module axi_traffic_gen_v3_0_16_streaming_top is either unconnected or has no load
WARNING: [Synth 8-7129] Port axis1_in_tuser[5] in module axi_traffic_gen_v3_0_16_streaming_top is either unconnected or has no load
WARNING: [Synth 8-7129] Port axis1_in_tuser[4] in module axi_traffic_gen_v3_0_16_streaming_top is either unconnected or has no load
WARNING: [Synth 8-7129] Port axis1_in_tuser[3] in module axi_traffic_gen_v3_0_16_streaming_top is either unconnected or has no load
WARNING: [Synth 8-7129] Port axis1_in_tuser[2] in module axi_traffic_gen_v3_0_16_streaming_top is either unconnected or has no load
WARNING: [Synth 8-7129] Port axis1_in_tuser[1] in module axi_traffic_gen_v3_0_16_streaming_top is either unconnected or has no load
WARNING: [Synth 8-7129] Port axis1_in_tuser[0] in module axi_traffic_gen_v3_0_16_streaming_top is either unconnected or has no load
WARNING: [Synth 8-7129] Port axis1_in_tid[7] in module axi_traffic_gen_v3_0_16_streaming_top is either unconnected or has no load
WARNING: [Synth 8-7129] Port axis1_in_tid[6] in module axi_traffic_gen_v3_0_16_streaming_top is either unconnected or has no load
WARNING: [Synth 8-7129] Port axis1_in_tid[5] in module axi_traffic_gen_v3_0_16_streaming_top is either unconnected or has no load
WARNING: [Synth 8-7129] Port axis1_in_tid[4] in module axi_traffic_gen_v3_0_16_streaming_top is either unconnected or has no load
WARNING: [Synth 8-7129] Port axis1_in_tid[3] in module axi_traffic_gen_v3_0_16_streaming_top is either unconnected or has no load
WARNING: [Synth 8-7129] Port axis1_in_tid[2] in module axi_traffic_gen_v3_0_16_streaming_top is either unconnected or has no load
WARNING: [Synth 8-7129] Port axis1_in_tid[1] in module axi_traffic_gen_v3_0_16_streaming_top is either unconnected or has no load
WARNING: [Synth 8-7129] Port axis1_in_tid[0] in module axi_traffic_gen_v3_0_16_streaming_top is either unconnected or has no load
WARNING: [Synth 8-7129] Port axis1_in_tdest[7] in module axi_traffic_gen_v3_0_16_streaming_top is either unconnected or has no load
WARNING: [Synth 8-7129] Port axis1_in_tdest[6] in module axi_traffic_gen_v3_0_16_streaming_top is either unconnected or has no load
WARNING: [Synth 8-7129] Port axis1_in_tdest[5] in module axi_traffic_gen_v3_0_16_streaming_top is either unconnected or has no load
WARNING: [Synth 8-7129] Port axis1_in_tdest[4] in module axi_traffic_gen_v3_0_16_streaming_top is either unconnected or has no load
WARNING: [Synth 8-7129] Port axis1_in_tdest[3] in module axi_traffic_gen_v3_0_16_streaming_top is either unconnected or has no load
WARNING: [Synth 8-7129] Port axis1_in_tdest[2] in module axi_traffic_gen_v3_0_16_streaming_top is either unconnected or has no load
INFO: [Common 17-14] Message 'Synth 8-7129' appears 100 times and further instances of the messages will be disabled. Use the Tcl command set_msg_config to change the current settings.
---------------------------------------------------------------------------------
Finished RTL Elaboration : Time (s): cpu = 00:00:06 ; elapsed = 00:00:11 . Memory (MB): peak = 1682.906 ; gain = 673.633
---------------------------------------------------------------------------------
---------------------------------------------------------------------------------
Start Handling Custom Attributes
---------------------------------------------------------------------------------
---------------------------------------------------------------------------------
Finished Handling Custom Attributes : Time (s): cpu = 00:00:06 ; elapsed = 00:00:11 . Memory (MB): peak = 1682.906 ; gain = 673.633
---------------------------------------------------------------------------------
---------------------------------------------------------------------------------
Finished RTL Optimization Phase 1 : Time (s): cpu = 00:00:06 ; elapsed = 00:00:11 . Memory (MB): peak = 1682.906 ; gain = 673.633
---------------------------------------------------------------------------------
Netlist sorting complete. Time (s): cpu = 00:00:00 ; elapsed = 00:00:00.020 . Memory (MB): peak = 1682.906 ; gain = 0.000
INFO: [Netlist 29-17] Analyzing 12 Unisim elements for replacement
INFO: [Netlist 29-28] Unisim Transformation completed in 0 CPU seconds
INFO: [Project 1-570] Preparing netlist for logic optimization

Processing XDC Constraints
Initializing timing engine
Parsing XDC File [c:/Users/patri/Desktop/Licenta_1/Licenta_1.gen/sources_1/bd/Licenta_Design/ip/Licenta_Design_axi_traffic_gen_0_0/Licenta_Design_axi_traffic_gen_0_0_ooc.xdc] for cell 'inst'
Finished Parsing XDC File [c:/Users/patri/Desktop/Licenta_1/Licenta_1.gen/sources_1/bd/Licenta_Design/ip/Licenta_Design_axi_traffic_gen_0_0/Licenta_Design_axi_traffic_gen_0_0_ooc.xdc] for cell 'inst'
Parsing XDC File [c:/Users/patri/Desktop/Licenta_1/Licenta_1.gen/sources_1/bd/Licenta_Design/ip/Licenta_Design_axi_traffic_gen_0_0/Licenta_Design_axi_traffic_gen_0_0.xdc] for cell 'inst'
Finished Parsing XDC File [c:/Users/patri/Desktop/Licenta_1/Licenta_1.gen/sources_1/bd/Licenta_Design/ip/Licenta_Design_axi_traffic_gen_0_0/Licenta_Design_axi_traffic_gen_0_0.xdc] for cell 'inst'
Parsing XDC File [C:/Users/patri/Desktop/Licenta_1/Licenta_1.runs/Licenta_Design_axi_traffic_gen_0_0_synth_1/dont_touch.xdc]
Finished Parsing XDC File [C:/Users/patri/Desktop/Licenta_1/Licenta_1.runs/Licenta_Design_axi_traffic_gen_0_0_synth_1/dont_touch.xdc]
Completed Processing XDC Constraints

Netlist sorting complete. Time (s): cpu = 00:00:00 ; elapsed = 00:00:00 . Memory (MB): peak = 1682.906 ; gain = 0.000
INFO: [Project 1-111] Unisim Transformation Summary:
  A total of 12 instances were transformed.
  FDR => FDRE: 12 instances

The system cannot find the path specified.
Constraint Validation Runtime : Time (s): cpu = 00:00:00 ; elapsed = 00:00:00.026 . Memory (MB): peak = 1682.906 ; gain = 0.000
INFO: [Designutils 20-5008] Incremental synthesis strategy off
---------------------------------------------------------------------------------
Finished Constraint Validation : Time (s): cpu = 00:00:10 ; elapsed = 00:00:17 . Memory (MB): peak = 1682.906 ; gain = 673.633
---------------------------------------------------------------------------------
---------------------------------------------------------------------------------
Start Loading Part and Timing Information
---------------------------------------------------------------------------------
Loading part: xc7z020clg484-1
---------------------------------------------------------------------------------
Finished Loading Part and Timing Information : Time (s): cpu = 00:00:10 ; elapsed = 00:00:17 . Memory (MB): peak = 1682.906 ; gain = 673.633
---------------------------------------------------------------------------------
---------------------------------------------------------------------------------
Start Applying 'set_property' XDC Constraints
---------------------------------------------------------------------------------
Applied set_property KEEP_HIERARCHY = SOFT for inst. (constraint file  C:/Users/patri/Desktop/Licenta_1/Licenta_1.runs/Licenta_Design_axi_traffic_gen_0_0_synth_1/dont_touch.xdc, line 9).
---------------------------------------------------------------------------------
Finished applying 'set_property' XDC Constraints : Time (s): cpu = 00:00:10 ; elapsed = 00:00:17 . Memory (MB): peak = 1682.906 ; gain = 673.633
---------------------------------------------------------------------------------
---------------------------------------------------------------------------------
Finished RTL Optimization Phase 2 : Time (s): cpu = 00:00:10 ; elapsed = 00:00:18 . Memory (MB): peak = 1682.906 ; gain = 673.633
---------------------------------------------------------------------------------
---------------------------------------------------------------------------------
Start RTL Component Statistics 
---------------------------------------------------------------------------------
Detailed RTL Component Info : 
+---Adders : 
	   3 Input   16 Bit       Adders := 2     
	   2 Input    5 Bit       Adders := 3     
	   2 Input    4 Bit       Adders := 1     
+---XORs : 
	   4 Input      1 Bit         XORs := 2     
+---Registers : 
	               32 Bit    Registers := 12    
	               24 Bit    Registers := 3     
	               16 Bit    Registers := 6     
	               12 Bit    Registers := 2     
	                8 Bit    Registers := 2     
	                1 Bit    Registers := 29    
+---Muxes : 
	   2 Input   32 Bit        Muxes := 14    
	   3 Input   32 Bit        Muxes := 1     
	   2 Input   24 Bit        Muxes := 3     
	   2 Input   16 Bit        Muxes := 11    
	   2 Input   12 Bit        Muxes := 5     
	   2 Input    8 Bit        Muxes := 5     
	   2 Input    4 Bit        Muxes := 1     
	   2 Input    1 Bit        Muxes := 29    
	   3 Input    1 Bit        Muxes := 1     
---------------------------------------------------------------------------------
Finished RTL Component Statistics 
---------------------------------------------------------------------------------
---------------------------------------------------------------------------------
Start Part Resource Summary
---------------------------------------------------------------------------------
Part Resources:
DSPs: 220 (col length:60)
BRAMs: 280 (col length: RAMB18 60 RAMB36 30)
---------------------------------------------------------------------------------
Finished Part Resource Summary
---------------------------------------------------------------------------------
---------------------------------------------------------------------------------
Start Cross Boundary and Area Optimization
---------------------------------------------------------------------------------
WARNING: [Synth 8-7080] Parallel synthesis criteria is not met
INFO: [Synth 8-3332] Sequential element (cdc_start_sync/GENERATE_LEVEL_P_S_CDC.SINGLE_BIT.CROSS_PLEVEL_IN2SCNDRY_s_level_out_d5) is unused and will be removed from module axi_traffic_gen_v3_0_16_top.
INFO: [Synth 8-3332] Sequential element (cdc_start_sync/GENERATE_LEVEL_P_S_CDC.SINGLE_BIT.CROSS_PLEVEL_IN2SCNDRY_s_level_out_d6) is unused and will be removed from module axi_traffic_gen_v3_0_16_top.
INFO: [Synth 8-3332] Sequential element (cdc_stop_sync/GENERATE_LEVEL_P_S_CDC.SINGLE_BIT.CROSS_PLEVEL_IN2SCNDRY_s_level_out_d5) is unused and will be removed from module axi_traffic_gen_v3_0_16_top.
INFO: [Synth 8-3332] Sequential element (cdc_stop_sync/GENERATE_LEVEL_P_S_CDC.SINGLE_BIT.CROSS_PLEVEL_IN2SCNDRY_s_level_out_d6) is unused and will be removed from module axi_traffic_gen_v3_0_16_top.
---------------------------------------------------------------------------------
Finished Cross Boundary and Area Optimization : Time (s): cpu = 00:00:12 ; elapsed = 00:00:21 . Memory (MB): peak = 1682.906 ; gain = 673.633
---------------------------------------------------------------------------------
---------------------------------------------------------------------------------
Start Applying XDC Timing Constraints
---------------------------------------------------------------------------------
---------------------------------------------------------------------------------
Finished Applying XDC Timing Constraints : Time (s): cpu = 00:00:15 ; elapsed = 00:00:26 . Memory (MB): peak = 1682.906 ; gain = 673.633
---------------------------------------------------------------------------------
---------------------------------------------------------------------------------
Start Timing Optimization
---------------------------------------------------------------------------------
---------------------------------------------------------------------------------
Finished Timing Optimization : Time (s): cpu = 00:00:16 ; elapsed = 00:00:27 . Memory (MB): peak = 1682.906 ; gain = 673.633
---------------------------------------------------------------------------------
---------------------------------------------------------------------------------
Start Technology Mapping
---------------------------------------------------------------------------------
---------------------------------------------------------------------------------
Finished Technology Mapping : Time (s): cpu = 00:00:16 ; elapsed = 00:00:28 . Memory (MB): peak = 1682.906 ; gain = 673.633
---------------------------------------------------------------------------------
---------------------------------------------------------------------------------
Start IO Insertion
---------------------------------------------------------------------------------
---------------------------------------------------------------------------------
Start Flattening Before IO Insertion
---------------------------------------------------------------------------------
---------------------------------------------------------------------------------
Finished Flattening Before IO Insertion
---------------------------------------------------------------------------------
---------------------------------------------------------------------------------
Start Final Netlist Cleanup
---------------------------------------------------------------------------------
---------------------------------------------------------------------------------
Finished Final Netlist Cleanup
---------------------------------------------------------------------------------
---------------------------------------------------------------------------------
Finished IO Insertion : Time (s): cpu = 00:00:17 ; elapsed = 00:00:31 . Memory (MB): peak = 1682.906 ; gain = 673.633
---------------------------------------------------------------------------------
---------------------------------------------------------------------------------
Start Renaming Generated Instances
---------------------------------------------------------------------------------
---------------------------------------------------------------------------------
Finished Renaming Generated Instances : Time (s): cpu = 00:00:17 ; elapsed = 00:00:31 . Memory (MB): peak = 1682.906 ; gain = 673.633
---------------------------------------------------------------------------------
---------------------------------------------------------------------------------
Start Rebuilding User Hierarchy
---------------------------------------------------------------------------------
---------------------------------------------------------------------------------
Finished Rebuilding User Hierarchy : Time (s): cpu = 00:00:17 ; elapsed = 00:00:31 . Memory (MB): peak = 1682.906 ; gain = 673.633
---------------------------------------------------------------------------------
---------------------------------------------------------------------------------
Start Renaming Generated Ports
---------------------------------------------------------------------------------
---------------------------------------------------------------------------------
Finished Renaming Generated Ports : Time (s): cpu = 00:00:17 ; elapsed = 00:00:31 . Memory (MB): peak = 1682.906 ; gain = 673.633
---------------------------------------------------------------------------------
---------------------------------------------------------------------------------
Start Handling Custom Attributes
---------------------------------------------------------------------------------
---------------------------------------------------------------------------------
Finished Handling Custom Attributes : Time (s): cpu = 00:00:17 ; elapsed = 00:00:31 . Memory (MB): peak = 1682.906 ; gain = 673.633
---------------------------------------------------------------------------------
---------------------------------------------------------------------------------
Start Renaming Generated Nets
---------------------------------------------------------------------------------
---------------------------------------------------------------------------------
Finished Renaming Generated Nets : Time (s): cpu = 00:00:17 ; elapsed = 00:00:31 . Memory (MB): peak = 1682.906 ; gain = 673.633
---------------------------------------------------------------------------------
---------------------------------------------------------------------------------
Start Writing Synthesis Report
---------------------------------------------------------------------------------

Report BlackBoxes: 
+-+--------------+----------+
| |BlackBox name |Instances |
+-+--------------+----------+
+-+--------------+----------+

Report Cell Usage: 
+------+-------+------+
|      |Cell   |Count |
+------+-------+------+
|1     |CARRY4 |    22|
|2     |LUT1   |    20|
|3     |LUT2   |    62|
|4     |LUT3   |    64|
|5     |LUT4   |   115|
|6     |LUT5   |    85|
|7     |LUT6   |   123|
|8     |FDPE   |     4|
|9     |FDR    |     8|
|10    |FDRE   |   543|
|11    |FDSE   |    17|
+------+-------+------+
---------------------------------------------------------------------------------
Finished Writing Synthesis Report : Time (s): cpu = 00:00:17 ; elapsed = 00:00:31 . Memory (MB): peak = 1682.906 ; gain = 673.633
---------------------------------------------------------------------------------
Synthesis finished with 0 errors, 0 critical warnings and 1215 warnings.
Synthesis Optimization Runtime : Time (s): cpu = 00:00:11 ; elapsed = 00:00:29 . Memory (MB): peak = 1682.906 ; gain = 673.633
Synthesis Optimization Complete : Time (s): cpu = 00:00:18 ; elapsed = 00:00:31 . Memory (MB): peak = 1682.906 ; gain = 673.633
INFO: [Project 1-571] Translating synthesized netlist
Netlist sorting complete. Time (s): cpu = 00:00:00 ; elapsed = 00:00:00.016 . Memory (MB): peak = 1682.906 ; gain = 0.000
INFO: [Netlist 29-17] Analyzing 30 Unisim elements for replacement
INFO: [Netlist 29-28] Unisim Transformation completed in 0 CPU seconds
INFO: [Project 1-570] Preparing netlist for logic optimization
INFO: [Opt 31-138] Pushed 0 inverter(s) to 0 load pin(s).
Netlist sorting complete. Time (s): cpu = 00:00:00 ; elapsed = 00:00:00.001 . Memory (MB): peak = 1682.906 ; gain = 0.000
INFO: [Project 1-111] Unisim Transformation Summary:
  A total of 8 instances were transformed.
  FDR => FDRE: 8 instances

The system cannot find the path specified.
Synth Design complete | Checksum: 56953b7
INFO: [Common 17-83] Releasing license: Synthesis
41 Infos, 191 Warnings, 0 Critical Warnings and 0 Errors encountered.
synth_design completed successfully
synth_design: Time (s): cpu = 00:00:19 ; elapsed = 00:00:35 . Memory (MB): peak = 1682.906 ; gain = 1093.516
Write ShapeDB Complete: Time (s): cpu = 00:00:00 ; elapsed = 00:00:00.002 . Memory (MB): peak = 1682.906 ; gain = 0.000
INFO: [Common 17-1381] The checkpoint 'C:/Users/patri/Desktop/Licenta_1/Licenta_1.runs/Licenta_Design_axi_traffic_gen_0_0_synth_1/Licenta_Design_axi_traffic_gen_0_0.dcp' has been generated.
INFO: [Coretcl 2-1648] Added synthesis output to IP cache for IP Licenta_Design_axi_traffic_gen_0_0, cache-ID = 6a82619eadd5f670
INFO: [Coretcl 2-1174] Renamed 9 cell refs.
Write ShapeDB Complete: Time (s): cpu = 00:00:00 ; elapsed = 00:00:00.002 . Memory (MB): peak = 1682.906 ; gain = 0.000
INFO: [Common 17-1381] The checkpoint 'C:/Users/patri/Desktop/Licenta_1/Licenta_1.runs/Licenta_Design_axi_traffic_gen_0_0_synth_1/Licenta_Design_axi_traffic_gen_0_0.dcp' has been generated.
INFO: [runtcl-4] Executing : report_utilization -file Licenta_Design_axi_traffic_gen_0_0_utilization_synth.rpt -pb Licenta_Design_axi_traffic_gen_0_0_utilization_synth.pb
INFO: [Common 17-206] Exiting Vivado at Wed Apr  3 20:38:00 2024...
