#-----------------------------------------------------------
# Vivado v2023.2.1 (64-bit)
# SW Build 4081461 on Thu Dec 14 12:24:51 MST 2023
# IP Build 4080415 on Thu Dec 14 21:01:57 MST 2023
# SharedData Build 4077621 on Mon Dec 11 00:23:44 MST 2023
# Start of session at: Sun Apr  7 12:34:29 2024
# Process ID: 16172
# Current directory: C:/Users/patri/Desktop/Licenta_1
# Command line: vivado.exe -gui_launcher_event rodinguilauncherevent16080 C:\Users\patri\Desktop\Licenta_1\Licenta_1.xpr
# Log file: C:/Users/patri/Desktop/Licenta_1/vivado.log
# Journal file: C:/Users/patri/Desktop/Licenta_1\vivado.jou
# Running On: Patrick, OS: Windows, CPU Frequency: 2496 MHz, CPU Physical cores: 6, Host memory: 34193 MB
#-----------------------------------------------------------
start_gui
open_project C:/Users/patri/Desktop/Licenta_1/Licenta_1.xpr
WARNING: [Board 49-26] cannot add Board Part xilinx.com:vek280_es:part0:1.0 available at C:/Xilinx/Vivado/2023.2/data/xhub/boards/XilinxBoardStore/boards/Xilinx/vek280/es/rev_a/1.0/board.xml as part xcve2802-vsvh1760-2lp-e-s-es1 specified in board_part file is either invalid or not available
WARNING: [Board 49-26] cannot add Board Part xilinx.com:vek280_es:part0:1.1 available at C:/Xilinx/Vivado/2023.2/data/xhub/boards/XilinxBoardStore/boards/Xilinx/vek280/es/rev_a/1.1/board.xml as part xcve2802-vsvh1760-2lp-e-s-es1 specified in board_part file is either invalid or not available
WARNING: [Board 49-26] cannot add Board Part xilinx.com:vek280_es_revb:part0:1.0 available at C:/Xilinx/Vivado/2023.2/data/xhub/boards/XilinxBoardStore/boards/Xilinx/vek280/es/rev_b/1.0/board.xml as part xcve2802-vsvh1760-2mp-e-s-es1 specified in board_part file is either invalid or not available
WARNING: [Board 49-26] cannot add Board Part xilinx.com:vek280_es_revb:part0:1.1 available at C:/Xilinx/Vivado/2023.2/data/xhub/boards/XilinxBoardStore/boards/Xilinx/vek280/es/rev_b/1.1/board.xml as part xcve2802-vsvh1760-2mp-e-s-es1 specified in board_part file is either invalid or not available
WARNING: [Board 49-26] cannot add Board Part xilinx.com:vhk158_es:part0:1.0 available at C:/Xilinx/Vivado/2023.2/data/xhub/boards/XilinxBoardStore/boards/Xilinx/vhk158/es/1.0/board.xml as part xcvh1582-vsva3697-2mp-e-s-es1 specified in board_part file is either invalid or not available
WARNING: [Board 49-26] cannot add Board Part xilinx.com:vhk158_es:part0:1.1 available at C:/Xilinx/Vivado/2023.2/data/xhub/boards/XilinxBoardStore/boards/Xilinx/vhk158/es/1.1/board.xml as part xcvh1582-vsva3697-2mp-e-s-es1 specified in board_part file is either invalid or not available
WARNING: [Board 49-26] cannot add Board Part xilinx.com:zcu208ld:part0:2.0 available at C:/Xilinx/Vivado/2023.2/data/xhub/boards/XilinxBoardStore/boards/Xilinx/zcu208ld/production/2.0/board.xml as part xczu58dr-fsvg1517-2-i specified in board_part file is either invalid or not available
WARNING: [Board 49-26] cannot add Board Part xilinx.com:zcu216ld:part0:2.0 available at C:/Xilinx/Vivado/2023.2/data/xhub/boards/XilinxBoardStore/boards/Xilinx/zcu216ld/production/2.0/board.xml as part xczu59dr-ffvf1760-2-i specified in board_part file is either invalid or not available
WARNING: [Board 49-26] cannot add Board Part xilinx.com:zcu670:part0:2.0 available at C:/Xilinx/Vivado/2023.2/data/xhub/boards/XilinxBoardStore/boards/Xilinx/zcu670/2.0/board.xml as part xczu67dr-fsve1156-2-i specified in board_part file is either invalid or not available
WARNING: [Board 49-26] cannot add Board Part xilinx.com:zcu670ld:part0:1.0 available at C:/Xilinx/Vivado/2023.2/data/xhub/boards/XilinxBoardStore/boards/Xilinx/zcu670ld/1.0/board.xml as part xczu57dr-fsve1156-2-i specified in board_part file is either invalid or not available
Scanning sources...
Finished scanning sources
INFO: [IP_Flow 19-234] Refreshing IP repositories
INFO: [IP_Flow 19-1704] No user IP repositories specified
INFO: [IP_Flow 19-2313] Loaded Vivado IP repository 'C:/Xilinx/Vivado/2023.2/data/ip'.
WARNING: [BD 41-2576] File 'c:/Users/patri/Desktop/Licenta_1/Licenta_1.gen/sources_1/bd/Licenta_Design/ip/Licenta_Design_smartconnect_0_0/bd_0/ip/ip_2/bd_bde9_arsw_0.xci' referenced by design 'bd_bde9' could not be found.
WARNING: [BD 41-2576] File 'c:/Users/patri/Desktop/Licenta_1/Licenta_1.gen/sources_1/bd/Licenta_Design/ip/Licenta_Design_smartconnect_0_0/bd_0/ip/ip_3/bd_bde9_rsw_0.xci' referenced by design 'bd_bde9' could not be found.
WARNING: [BD 41-2576] File 'c:/Users/patri/Desktop/Licenta_1/Licenta_1.gen/sources_1/bd/Licenta_Design/ip/Licenta_Design_smartconnect_0_0/bd_0/ip/ip_4/bd_bde9_awsw_0.xci' referenced by design 'bd_bde9' could not be found.
WARNING: [BD 41-2576] File 'c:/Users/patri/Desktop/Licenta_1/Licenta_1.gen/sources_1/bd/Licenta_Design/ip/Licenta_Design_smartconnect_0_0/bd_0/ip/ip_5/bd_bde9_wsw_0.xci' referenced by design 'bd_bde9' could not be found.
WARNING: [BD 41-2576] File 'c:/Users/patri/Desktop/Licenta_1/Licenta_1.gen/sources_1/bd/Licenta_Design/ip/Licenta_Design_smartconnect_0_0/bd_0/ip/ip_6/bd_bde9_bsw_0.xci' referenced by design 'bd_bde9' could not be found.
WARNING: [BD 41-2576] File 'c:/Users/patri/Desktop/Licenta_1/Licenta_1.gen/sources_1/bd/Licenta_Design/ip/Licenta_Design_smartconnect_0_0/bd_0/ip/ip_7/bd_bde9_s00mmu_0.xci' referenced by design 'bd_bde9' could not be found.
WARNING: [BD 41-2576] File 'c:/Users/patri/Desktop/Licenta_1/Licenta_1.gen/sources_1/bd/Licenta_Design/ip/Licenta_Design_smartconnect_0_0/bd_0/ip/ip_8/bd_bde9_s00tr_0.xci' referenced by design 'bd_bde9' could not be found.
WARNING: [BD 41-2576] File 'c:/Users/patri/Desktop/Licenta_1/Licenta_1.gen/sources_1/bd/Licenta_Design/ip/Licenta_Design_smartconnect_0_0/bd_0/ip/ip_9/bd_bde9_s00sic_0.xci' referenced by design 'bd_bde9' could not be found.
WARNING: [BD 41-2576] File 'c:/Users/patri/Desktop/Licenta_1/Licenta_1.gen/sources_1/bd/Licenta_Design/ip/Licenta_Design_smartconnect_0_0/bd_0/ip/ip_10/bd_bde9_s00a2s_0.xci' referenced by design 'bd_bde9' could not be found.
WARNING: [BD 41-2576] File 'c:/Users/patri/Desktop/Licenta_1/Licenta_1.gen/sources_1/bd/Licenta_Design/ip/Licenta_Design_smartconnect_0_0/bd_0/ip/ip_11/bd_bde9_sarn_0.xci' referenced by design 'bd_bde9' could not be found.
WARNING: [BD 41-2576] File 'c:/Users/patri/Desktop/Licenta_1/Licenta_1.gen/sources_1/bd/Licenta_Design/ip/Licenta_Design_smartconnect_0_0/bd_0/ip/ip_12/bd_bde9_srn_0.xci' referenced by design 'bd_bde9' could not be found.
WARNING: [BD 41-2576] File 'c:/Users/patri/Desktop/Licenta_1/Licenta_1.gen/sources_1/bd/Licenta_Design/ip/Licenta_Design_smartconnect_0_0/bd_0/ip/ip_13/bd_bde9_s01mmu_0.xci' referenced by design 'bd_bde9' could not be found.
WARNING: [BD 41-2576] File 'c:/Users/patri/Desktop/Licenta_1/Licenta_1.gen/sources_1/bd/Licenta_Design/ip/Licenta_Design_smartconnect_0_0/bd_0/ip/ip_14/bd_bde9_s01tr_0.xci' referenced by design 'bd_bde9' could not be found.
WARNING: [BD 41-2576] File 'c:/Users/patri/Desktop/Licenta_1/Licenta_1.gen/sources_1/bd/Licenta_Design/ip/Licenta_Design_smartconnect_0_0/bd_0/ip/ip_15/bd_bde9_s01sic_0.xci' referenced by design 'bd_bde9' could not be found.
WARNING: [BD 41-2576] File 'c:/Users/patri/Desktop/Licenta_1/Licenta_1.gen/sources_1/bd/Licenta_Design/ip/Licenta_Design_smartconnect_0_0/bd_0/ip/ip_16/bd_bde9_s01a2s_0.xci' referenced by design 'bd_bde9' could not be found.
WARNING: [BD 41-2576] File 'c:/Users/patri/Desktop/Licenta_1/Licenta_1.gen/sources_1/bd/Licenta_Design/ip/Licenta_Design_smartconnect_0_0/bd_0/ip/ip_17/bd_bde9_sawn_0.xci' referenced by design 'bd_bde9' could not be found.
WARNING: [BD 41-2576] File 'c:/Users/patri/Desktop/Licenta_1/Licenta_1.gen/sources_1/bd/Licenta_Design/ip/Licenta_Design_smartconnect_0_0/bd_0/ip/ip_18/bd_bde9_swn_0.xci' referenced by design 'bd_bde9' could not be found.
WARNING: [BD 41-2576] File 'c:/Users/patri/Desktop/Licenta_1/Licenta_1.gen/sources_1/bd/Licenta_Design/ip/Licenta_Design_smartconnect_0_0/bd_0/ip/ip_19/bd_bde9_sbn_0.xci' referenced by design 'bd_bde9' could not be found.
WARNING: [BD 41-2576] File 'c:/Users/patri/Desktop/Licenta_1/Licenta_1.gen/sources_1/bd/Licenta_Design/ip/Licenta_Design_smartconnect_0_0/bd_0/ip/ip_20/bd_bde9_m00s2a_0.xci' referenced by design 'bd_bde9' could not be found.
WARNING: [BD 41-2576] File 'c:/Users/patri/Desktop/Licenta_1/Licenta_1.gen/sources_1/bd/Licenta_Design/ip/Licenta_Design_smartconnect_0_0/bd_0/ip/ip_21/bd_bde9_m00arn_0.xci' referenced by design 'bd_bde9' could not be found.
WARNING: [BD 41-2576] File 'c:/Users/patri/Desktop/Licenta_1/Licenta_1.gen/sources_1/bd/Licenta_Design/ip/Licenta_Design_smartconnect_0_0/bd_0/ip/ip_22/bd_bde9_m00rn_0.xci' referenced by design 'bd_bde9' could not be found.
WARNING: [BD 41-2576] File 'c:/Users/patri/Desktop/Licenta_1/Licenta_1.gen/sources_1/bd/Licenta_Design/ip/Licenta_Design_smartconnect_0_0/bd_0/ip/ip_23/bd_bde9_m00awn_0.xci' referenced by design 'bd_bde9' could not be found.
WARNING: [BD 41-2576] File 'c:/Users/patri/Desktop/Licenta_1/Licenta_1.gen/sources_1/bd/Licenta_Design/ip/Licenta_Design_smartconnect_0_0/bd_0/ip/ip_24/bd_bde9_m00wn_0.xci' referenced by design 'bd_bde9' could not be found.
WARNING: [BD 41-2576] File 'c:/Users/patri/Desktop/Licenta_1/Licenta_1.gen/sources_1/bd/Licenta_Design/ip/Licenta_Design_smartconnect_0_0/bd_0/ip/ip_25/bd_bde9_m00bn_0.xci' referenced by design 'bd_bde9' could not be found.
WARNING: [BD 41-2576] File 'c:/Users/patri/Desktop/Licenta_1/Licenta_1.gen/sources_1/bd/Licenta_Design/ip/Licenta_Design_smartconnect_0_0/bd_0/ip/ip_26/bd_bde9_m00e_0.xci' referenced by design 'bd_bde9' could not be found.
open_project: Time (s): cpu = 00:00:07 ; elapsed = 00:00:10 . Memory (MB): peak = 1647.629 ; gain = 370.879
update_compile_order -fileset sources_1
open_bd_design {C:/Users/patri/Desktop/Licenta_1/Licenta_1.srcs/sources_1/bd/Licenta_Design/Licenta_Design.bd}
Reading block design file <C:/Users/patri/Desktop/Licenta_1/Licenta_1.srcs/sources_1/bd/Licenta_Design/Licenta_Design.bd>...
Adding component instance block -- xilinx.com:ip:processing_system7:5.5 - processing_system7_0
Adding component instance block -- xilinx.com:ip:axi_bram_ctrl:4.1 - axi_bram_ctrl_0
Adding component instance block -- xilinx.com:ip:proc_sys_reset:5.0 - proc_sys_reset_0
Adding component instance block -- xilinx.com:ip:axi_interconnect:2.1 - axi_interconnect_0
Adding component instance block -- xilinx.com:ip:axi_crossbar:2.1 - xbar
Adding component instance block -- xilinx.com:ip:axi_protocol_converter:2.1 - auto_pc
Adding component instance block -- xilinx.com:ip:axi_protocol_converter:2.1 - auto_pc
Adding component instance block -- xilinx.com:ip:axi_protocol_converter:2.1 - auto_pc
Adding component instance block -- xilinx.com:ip:axi_protocol_converter:2.1 - auto_pc
Adding component instance block -- xilinx.com:ip:axi_protocol_converter:2.1 - auto_pc
Adding component instance block -- xilinx.com:ip:axi_protocol_converter:2.1 - auto_pc
Adding component instance block -- xilinx.com:ip:axi_timer:2.0 - axi_timer_0
Adding component instance block -- xilinx.com:ip:axi_timebase_wdt:3.0 - axi_timebase_wdt_0
Adding component instance block -- xilinx.com:ip:axi_gpio:2.0 - axi_gpio_0
Adding component instance block -- xilinx.com:ip:axi_dma:7.1 - axi_dma_0
WARNING: [BD 41-1282] Parameter 'HAS_BURST' is not defined on '/axi_dma_0/M_AXIS_MM2S'. Parameter ignored.
WARNING: [BD 41-1282] Parameter 'HAS_BURST' is not defined on '/axi_dma_0/M_AXIS_MM2S'. Parameter ignored.
Adding component instance block -- xilinx.com:ip:blk_mem_gen:8.4 - blk_mem_gen_0
Adding component instance block -- xilinx.com:ip:axi_traffic_gen:3.0 - axi_traffic_gen_0
Adding component instance block -- xilinx.com:ip:smartconnect:1.0 - smartconnect_0
Adding component instance block -- xilinx.com:ip:axi_fifo_mm_s:4.3 - axi_fifo_mm_s_0
Successfully read diagram <Licenta_Design> from block design file <C:/Users/patri/Desktop/Licenta_1/Licenta_1.srcs/sources_1/bd/Licenta_Design/Licenta_Design.bd>
INFO: [BD 41-433] Design successfully migrated to use XCI files...
open_bd_design: Time (s): cpu = 00:00:07 ; elapsed = 00:00:14 . Memory (MB): peak = 1882.242 ; gain = 217.746
regenerate_bd_layout
regenerate_bd_layout
set_property location {2791 412} [get_bd_intf_ports FIXED_IO]
set_property location {2773 400} [get_bd_intf_ports FIXED_IO]
regenerate_bd_layout
set_property location {1209 367} [get_bd_intf_ports DDR]
set_property location {1308 386} [get_bd_intf_ports DDR]
set_property location {1820 382} [get_bd_intf_ports DDR]
regenerate_bd_layout
regenerate_bd_layout
set_property location {1274 1010} [get_bd_intf_ports DDR]
regenerate_bd_layout
set_property location {512 222} [get_bd_intf_ports DDR]
set_property location {623 161} [get_bd_intf_ports DDR]
regenerate_bd_layout
regenerate_bd_layout -routing
regenerate_bd_layout
undo
INFO: [Common 17-17] undo 'regenerate_bd_layout'
undo
INFO: [Common 17-17] undo 'regenerate_bd_layout -routing'
undo
INFO: [Common 17-17] undo 'regenerate_bd_layout'
undo
INFO: [Common 17-17] undo 'set_property location {623 161} [get_bd_intf_ports DDR]'
undo
INFO: [Common 17-17] undo 'set_property location {512 222} [get_bd_intf_ports DDR]'
undo
INFO: [Common 17-17] undo 'regenerate_bd_layout'
undo
INFO: [Common 17-17] undo 'set_property location {1274 1010} [get_bd_intf_ports DDR]'
undo
INFO: [Common 17-17] undo 'regenerate_bd_layout'
undo
INFO: [Common 17-17] undo 'regenerate_bd_layout'
undo
INFO: [Common 17-17] undo 'set_property location {1820 382} [get_bd_intf_ports DDR]'
undo
INFO: [Common 17-17] undo 'set_property location {1308 386} [get_bd_intf_ports DDR]'
undo
INFO: [Common 17-17] undo 'set_property location {1209 367} [get_bd_intf_ports DDR]'
undo
INFO: [Common 17-17] undo 'regenerate_bd_layout'
undo
INFO: [Common 17-17] undo 'set_property location {2773 400} [get_bd_intf_ports FIXED_IO]'
undo
INFO: [Common 17-17] undo 'set_property location {2791 412} [get_bd_intf_ports FIXED_IO]'
undo
INFO: [Common 17-17] undo 'regenerate_bd_layout'
undo
INFO: [Common 17-17] undo 'regenerate_bd_layout'
regenerate_bd_layout
WARNING: [IP_Flow 19-4331] Invalid usage of property - Setting range_value property on PARAM_VALUE.ATG_HLT_CH_SELECT is not allowed in procedure update_gui_for_PARAM_VALUE.TRAFFIC_PROFILE
write_project_tcl -use_bd_files {C:/Users/patri/Desktop/Licenta_1/Licenta_1.tcl}
INFO: [Vivado-projutils-8] Tcl script 'Licenta_1.tcl' generated in output directory 'C:/Users/patri/Desktop/Licenta_1'

INFO: [Vivado-projutils-15] Please note that by default, the file path for the project source files were set with respect to the 'origin_dir' variable in the
 generated script. When this script is executed from the output directory, these source files will be referenced with respect to this 'origin_dir' path value.
 In case this script was later moved to a different directory, the 'origin_dir' value must be set manually in the script with the path
 relative to the new output directory to make sure that the source files are referenced correctly from the original project. You can also set the
 'origin_dir' automatically by setting the 'origin_dir_loc' variable in the tcl shell before sourcing this generated script. The 'origin_dir_loc'
 variable should be set to the path relative to the new output directory. Alternatively, if you are sourcing the script from the Vivado command line,
 then set the origin dir using '-tclargs --origin_dir <path>'. For example, 'vivado -mode tcl -source Licenta_1.tcl -tclargs --origin_dir ".."

WARNING: [Vivado-projutils-10] Found source(s) that were local or imported into the project. If this project is being source controlled, then
 please ensure that the project source(s) are also part of this source controlled data. The list of these local source(s) can be found in the generated script
 under the header section.

write_project_tcl -all_properties -dump_project_info -force {C:/Users/patri/Desktop/Licenta_1/Licenta_1.tcl}
INFO: [BD 5-453] Writing out BD creation steps for Licenta_Design as a TCL proc
WARNING: [BD 5-452] The block design Licenta_Design has not been validated, therefore, a block design created using this Tcl proc may result in errors during validation.
INFO: [Vivado-projutils-8] Tcl script 'Licenta_1.tcl' generated in output directory 'C:/Users/patri/Desktop/Licenta_1'

INFO: [Vivado-projutils-15] Please note that by default, the file path for the project source files were set with respect to the 'origin_dir' variable in the
 generated script. When this script is executed from the output directory, these source files will be referenced with respect to this 'origin_dir' path value.
 In case this script was later moved to a different directory, the 'origin_dir' value must be set manually in the script with the path
 relative to the new output directory to make sure that the source files are referenced correctly from the original project. You can also set the
 'origin_dir' automatically by setting the 'origin_dir_loc' variable in the tcl shell before sourcing this generated script. The 'origin_dir_loc'
 variable should be set to the path relative to the new output directory. Alternatively, if you are sourcing the script from the Vivado command line,
 then set the origin dir using '-tclargs --origin_dir <path>'. For example, 'vivado -mode tcl -source Licenta_1.tcl -tclargs --origin_dir ".."

WARNING: [Vivado-projutils-10] Found source(s) that were local or imported into the project. If this project is being source controlled, then
 please ensure that the project source(s) are also part of this source controlled data. The list of these local source(s) can be found in the generated script
 under the header section.

exit
INFO: [Common 17-206] Exiting Vivado at Sun Apr  7 12:52:16 2024...
