#-----------------------------------------------------------
# Vivado v2023.2.1 (64-bit)
# SW Build 4081461 on Thu Dec 14 12:24:51 MST 2023
# IP Build 4080415 on Thu Dec 14 21:01:57 MST 2023
# SharedData Build 4077621 on Mon Dec 11 00:23:44 MST 2023
# Start of session at: Sun Apr  7 12:56:39 2024
# Process ID: 5268
# Current directory: C:/Users/patri/Desktop/Licenta_1
# Command line: vivado.exe -gui_launcher_event rodinguilauncherevent12916 C:\Users\patri\Desktop\Licenta_1\Licenta_1.xpr
# Log file: C:/Users/patri/Desktop/Licenta_1/vivado.log
# Journal file: C:/Users/patri/Desktop/Licenta_1\vivado.jou
# Running On: Patrick, OS: Windows, CPU Frequency: 2496 MHz, CPU Physical cores: 6, Host memory: 34193 MB
#-----------------------------------------------------------
start_gui
open_project C:/Users/patri/Desktop/Licenta_1/Licenta_1.xpr
WARNING: [Board 49-26] cannot add Board Part xilinx.com:vek280_es:part0:1.0 available at C:/Xilinx/Vivado/2023.2/data/xhub/boards/XilinxBoardStore/boards/Xilinx/vek280/es/rev_a/1.0/board.xml as part xcve2802-vsvh1760-2lp-e-s-es1 specified in board_part file is either invalid or not available
WARNING: [Board 49-26] cannot add Board Part xilinx.com:vek280_es:part0:1.1 available at C:/Xilinx/Vivado/2023.2/data/xhub/boards/XilinxBoardStore/boards/Xilinx/vek280/es/rev_a/1.1/board.xml as part xcve2802-vsvh1760-2lp-e-s-es1 specified in board_part file is either invalid or not available
WARNING: [Board 49-26] cannot add Board Part xilinx.com:vek280_es_revb:part0:1.0 available at C:/Xilinx/Vivado/2023.2/data/xhub/boards/XilinxBoardStore/boards/Xilinx/vek280/es/rev_b/1.0/board.xml as part xcve2802-vsvh1760-2mp-e-s-es1 specified in board_part file is either invalid or not available
WARNING: [Board 49-26] cannot add Board Part xilinx.com:vek280_es_revb:part0:1.1 available at C:/Xilinx/Vivado/2023.2/data/xhub/boards/XilinxBoardStore/boards/Xilinx/vek280/es/rev_b/1.1/board.xml as part xcve2802-vsvh1760-2mp-e-s-es1 specified in board_part file is either invalid or not available
WARNING: [Board 49-26] cannot add Board Part xilinx.com:vhk158_es:part0:1.0 available at C:/Xilinx/Vivado/2023.2/data/xhub/boards/XilinxBoardStore/boards/Xilinx/vhk158/es/1.0/board.xml as part xcvh1582-vsva3697-2mp-e-s-es1 specified in board_part file is either invalid or not available
WARNING: [Board 49-26] cannot add Board Part xilinx.com:vhk158_es:part0:1.1 available at C:/Xilinx/Vivado/2023.2/data/xhub/boards/XilinxBoardStore/boards/Xilinx/vhk158/es/1.1/board.xml as part xcvh1582-vsva3697-2mp-e-s-es1 specified in board_part file is either invalid or not available
WARNING: [Board 49-26] cannot add Board Part xilinx.com:zcu208ld:part0:2.0 available at C:/Xilinx/Vivado/2023.2/data/xhub/boards/XilinxBoardStore/boards/Xilinx/zcu208ld/production/2.0/board.xml as part xczu58dr-fsvg1517-2-i specified in board_part file is either invalid or not available
WARNING: [Board 49-26] cannot add Board Part xilinx.com:zcu216ld:part0:2.0 available at C:/Xilinx/Vivado/2023.2/data/xhub/boards/XilinxBoardStore/boards/Xilinx/zcu216ld/production/2.0/board.xml as part xczu59dr-ffvf1760-2-i specified in board_part file is either invalid or not available
WARNING: [Board 49-26] cannot add Board Part xilinx.com:zcu670:part0:2.0 available at C:/Xilinx/Vivado/2023.2/data/xhub/boards/XilinxBoardStore/boards/Xilinx/zcu670/2.0/board.xml as part xczu67dr-fsve1156-2-i specified in board_part file is either invalid or not available
WARNING: [Board 49-26] cannot add Board Part xilinx.com:zcu670ld:part0:1.0 available at C:/Xilinx/Vivado/2023.2/data/xhub/boards/XilinxBoardStore/boards/Xilinx/zcu670ld/1.0/board.xml as part xczu57dr-fsve1156-2-i specified in board_part file is either invalid or not available
Scanning sources...
Finished scanning sources
INFO: [IP_Flow 19-234] Refreshing IP repositories
INFO: [IP_Flow 19-1704] No user IP repositories specified
INFO: [IP_Flow 19-2313] Loaded Vivado IP repository 'C:/Xilinx/Vivado/2023.2/data/ip'.
WARNING: [BD 41-2576] File 'c:/Users/patri/Desktop/Licenta_1/Licenta_1.gen/sources_1/bd/Licenta_Design/ip/Licenta_Design_smartconnect_0_0/bd_0/ip/ip_2/bd_bde9_arsw_0.xci' referenced by design 'bd_bde9' could not be found.
WARNING: [BD 41-2576] File 'c:/Users/patri/Desktop/Licenta_1/Licenta_1.gen/sources_1/bd/Licenta_Design/ip/Licenta_Design_smartconnect_0_0/bd_0/ip/ip_3/bd_bde9_rsw_0.xci' referenced by design 'bd_bde9' could not be found.
WARNING: [BD 41-2576] File 'c:/Users/patri/Desktop/Licenta_1/Licenta_1.gen/sources_1/bd/Licenta_Design/ip/Licenta_Design_smartconnect_0_0/bd_0/ip/ip_4/bd_bde9_awsw_0.xci' referenced by design 'bd_bde9' could not be found.
WARNING: [BD 41-2576] File 'c:/Users/patri/Desktop/Licenta_1/Licenta_1.gen/sources_1/bd/Licenta_Design/ip/Licenta_Design_smartconnect_0_0/bd_0/ip/ip_5/bd_bde9_wsw_0.xci' referenced by design 'bd_bde9' could not be found.
WARNING: [BD 41-2576] File 'c:/Users/patri/Desktop/Licenta_1/Licenta_1.gen/sources_1/bd/Licenta_Design/ip/Licenta_Design_smartconnect_0_0/bd_0/ip/ip_6/bd_bde9_bsw_0.xci' referenced by design 'bd_bde9' could not be found.
WARNING: [BD 41-2576] File 'c:/Users/patri/Desktop/Licenta_1/Licenta_1.gen/sources_1/bd/Licenta_Design/ip/Licenta_Design_smartconnect_0_0/bd_0/ip/ip_7/bd_bde9_s00mmu_0.xci' referenced by design 'bd_bde9' could not be found.
WARNING: [BD 41-2576] File 'c:/Users/patri/Desktop/Licenta_1/Licenta_1.gen/sources_1/bd/Licenta_Design/ip/Licenta_Design_smartconnect_0_0/bd_0/ip/ip_8/bd_bde9_s00tr_0.xci' referenced by design 'bd_bde9' could not be found.
WARNING: [BD 41-2576] File 'c:/Users/patri/Desktop/Licenta_1/Licenta_1.gen/sources_1/bd/Licenta_Design/ip/Licenta_Design_smartconnect_0_0/bd_0/ip/ip_9/bd_bde9_s00sic_0.xci' referenced by design 'bd_bde9' could not be found.
WARNING: [BD 41-2576] File 'c:/Users/patri/Desktop/Licenta_1/Licenta_1.gen/sources_1/bd/Licenta_Design/ip/Licenta_Design_smartconnect_0_0/bd_0/ip/ip_10/bd_bde9_s00a2s_0.xci' referenced by design 'bd_bde9' could not be found.
WARNING: [BD 41-2576] File 'c:/Users/patri/Desktop/Licenta_1/Licenta_1.gen/sources_1/bd/Licenta_Design/ip/Licenta_Design_smartconnect_0_0/bd_0/ip/ip_11/bd_bde9_sarn_0.xci' referenced by design 'bd_bde9' could not be found.
WARNING: [BD 41-2576] File 'c:/Users/patri/Desktop/Licenta_1/Licenta_1.gen/sources_1/bd/Licenta_Design/ip/Licenta_Design_smartconnect_0_0/bd_0/ip/ip_12/bd_bde9_srn_0.xci' referenced by design 'bd_bde9' could not be found.
WARNING: [BD 41-2576] File 'c:/Users/patri/Desktop/Licenta_1/Licenta_1.gen/sources_1/bd/Licenta_Design/ip/Licenta_Design_smartconnect_0_0/bd_0/ip/ip_13/bd_bde9_s01mmu_0.xci' referenced by design 'bd_bde9' could not be found.
WARNING: [BD 41-2576] File 'c:/Users/patri/Desktop/Licenta_1/Licenta_1.gen/sources_1/bd/Licenta_Design/ip/Licenta_Design_smartconnect_0_0/bd_0/ip/ip_14/bd_bde9_s01tr_0.xci' referenced by design 'bd_bde9' could not be found.
WARNING: [BD 41-2576] File 'c:/Users/patri/Desktop/Licenta_1/Licenta_1.gen/sources_1/bd/Licenta_Design/ip/Licenta_Design_smartconnect_0_0/bd_0/ip/ip_15/bd_bde9_s01sic_0.xci' referenced by design 'bd_bde9' could not be found.
WARNING: [BD 41-2576] File 'c:/Users/patri/Desktop/Licenta_1/Licenta_1.gen/sources_1/bd/Licenta_Design/ip/Licenta_Design_smartconnect_0_0/bd_0/ip/ip_16/bd_bde9_s01a2s_0.xci' referenced by design 'bd_bde9' could not be found.
WARNING: [BD 41-2576] File 'c:/Users/patri/Desktop/Licenta_1/Licenta_1.gen/sources_1/bd/Licenta_Design/ip/Licenta_Design_smartconnect_0_0/bd_0/ip/ip_17/bd_bde9_sawn_0.xci' referenced by design 'bd_bde9' could not be found.
WARNING: [BD 41-2576] File 'c:/Users/patri/Desktop/Licenta_1/Licenta_1.gen/sources_1/bd/Licenta_Design/ip/Licenta_Design_smartconnect_0_0/bd_0/ip/ip_18/bd_bde9_swn_0.xci' referenced by design 'bd_bde9' could not be found.
WARNING: [BD 41-2576] File 'c:/Users/patri/Desktop/Licenta_1/Licenta_1.gen/sources_1/bd/Licenta_Design/ip/Licenta_Design_smartconnect_0_0/bd_0/ip/ip_19/bd_bde9_sbn_0.xci' referenced by design 'bd_bde9' could not be found.
WARNING: [BD 41-2576] File 'c:/Users/patri/Desktop/Licenta_1/Licenta_1.gen/sources_1/bd/Licenta_Design/ip/Licenta_Design_smartconnect_0_0/bd_0/ip/ip_20/bd_bde9_m00s2a_0.xci' referenced by design 'bd_bde9' could not be found.
WARNING: [BD 41-2576] File 'c:/Users/patri/Desktop/Licenta_1/Licenta_1.gen/sources_1/bd/Licenta_Design/ip/Licenta_Design_smartconnect_0_0/bd_0/ip/ip_21/bd_bde9_m00arn_0.xci' referenced by design 'bd_bde9' could not be found.
WARNING: [BD 41-2576] File 'c:/Users/patri/Desktop/Licenta_1/Licenta_1.gen/sources_1/bd/Licenta_Design/ip/Licenta_Design_smartconnect_0_0/bd_0/ip/ip_22/bd_bde9_m00rn_0.xci' referenced by design 'bd_bde9' could not be found.
WARNING: [BD 41-2576] File 'c:/Users/patri/Desktop/Licenta_1/Licenta_1.gen/sources_1/bd/Licenta_Design/ip/Licenta_Design_smartconnect_0_0/bd_0/ip/ip_23/bd_bde9_m00awn_0.xci' referenced by design 'bd_bde9' could not be found.
WARNING: [BD 41-2576] File 'c:/Users/patri/Desktop/Licenta_1/Licenta_1.gen/sources_1/bd/Licenta_Design/ip/Licenta_Design_smartconnect_0_0/bd_0/ip/ip_24/bd_bde9_m00wn_0.xci' referenced by design 'bd_bde9' could not be found.
WARNING: [BD 41-2576] File 'c:/Users/patri/Desktop/Licenta_1/Licenta_1.gen/sources_1/bd/Licenta_Design/ip/Licenta_Design_smartconnect_0_0/bd_0/ip/ip_25/bd_bde9_m00bn_0.xci' referenced by design 'bd_bde9' could not be found.
WARNING: [BD 41-2576] File 'c:/Users/patri/Desktop/Licenta_1/Licenta_1.gen/sources_1/bd/Licenta_Design/ip/Licenta_Design_smartconnect_0_0/bd_0/ip/ip_26/bd_bde9_m00e_0.xci' referenced by design 'bd_bde9' could not be found.
open_project: Time (s): cpu = 00:00:09 ; elapsed = 00:00:09 . Memory (MB): peak = 1642.023 ; gain = 453.852
open_bd_design {C:/Users/patri/Desktop/Licenta_1/Licenta_1.srcs/sources_1/bd/Licenta_Design/Licenta_Design.bd}
Reading block design file <C:/Users/patri/Desktop/Licenta_1/Licenta_1.srcs/sources_1/bd/Licenta_Design/Licenta_Design.bd>...
Adding component instance block -- xilinx.com:ip:processing_system7:5.5 - processing_system7_0
Adding component instance block -- xilinx.com:ip:axi_bram_ctrl:4.1 - axi_bram_ctrl_0
Adding component instance block -- xilinx.com:ip:proc_sys_reset:5.0 - proc_sys_reset_0
Adding component instance block -- xilinx.com:ip:axi_interconnect:2.1 - axi_interconnect_0
Adding component instance block -- xilinx.com:ip:axi_crossbar:2.1 - xbar
Adding component instance block -- xilinx.com:ip:axi_protocol_converter:2.1 - auto_pc
Adding component instance block -- xilinx.com:ip:axi_protocol_converter:2.1 - auto_pc
Adding component instance block -- xilinx.com:ip:axi_protocol_converter:2.1 - auto_pc
Adding component instance block -- xilinx.com:ip:axi_protocol_converter:2.1 - auto_pc
Adding component instance block -- xilinx.com:ip:axi_protocol_converter:2.1 - auto_pc
Adding component instance block -- xilinx.com:ip:axi_protocol_converter:2.1 - auto_pc
Adding component instance block -- xilinx.com:ip:axi_timer:2.0 - axi_timer_0
Adding component instance block -- xilinx.com:ip:axi_timebase_wdt:3.0 - axi_timebase_wdt_0
Adding component instance block -- xilinx.com:ip:axi_gpio:2.0 - axi_gpio_0
Adding component instance block -- xilinx.com:ip:axi_dma:7.1 - axi_dma_0
WARNING: [BD 41-1282] Parameter 'HAS_BURST' is not defined on '/axi_dma_0/M_AXIS_MM2S'. Parameter ignored.
WARNING: [BD 41-1282] Parameter 'HAS_BURST' is not defined on '/axi_dma_0/M_AXIS_MM2S'. Parameter ignored.
Adding component instance block -- xilinx.com:ip:blk_mem_gen:8.4 - blk_mem_gen_0
Adding component instance block -- xilinx.com:ip:axi_traffic_gen:3.0 - axi_traffic_gen_0
Adding component instance block -- xilinx.com:ip:smartconnect:1.0 - smartconnect_0
Adding component instance block -- xilinx.com:ip:axi_fifo_mm_s:4.3 - axi_fifo_mm_s_0
Successfully read diagram <Licenta_Design> from block design file <C:/Users/patri/Desktop/Licenta_1/Licenta_1.srcs/sources_1/bd/Licenta_Design/Licenta_Design.bd>
INFO: [BD 41-433] Design successfully migrated to use XCI files...
open_bd_design: Time (s): cpu = 00:00:09 ; elapsed = 00:00:15 . Memory (MB): peak = 1897.547 ; gain = 223.656
update_compile_order -fileset sources_1
validate_bd_design
INFO: [BD 5-943] Reserving offset range <0xC000_0000 [ 8K ]> from slave interface '/smartconnect_0/S00_AXI' to master interface '/smartconnect_0/M00_AXI'. This will be used by smartconnect on path for routing.
INFO: [BD 5-943] Reserving offset range <0xC000_0000 [ 8K ]> from slave interface '/smartconnect_0/S01_AXI' to master interface '/smartconnect_0/M00_AXI'. This will be used by smartconnect on path for routing.
INFO: [xilinx.com:ip:smartconnect:1.0-1] Licenta_Design_smartconnect_0_0: SmartConnect Licenta_Design_smartconnect_0_0 is in High-performance Mode.
INFO: [Ipptcl 7-1463] No Compatible Board Interface found. Board Tab not created in customize GUI
WARNING: [BD 41-2589] Platform should have atleast one axi memory mapped master interface. Enable a master AXI interface as platform AXI_PORT.
validate_bd_design: Time (s): cpu = 00:00:09 ; elapsed = 00:00:19 . Memory (MB): peak = 1940.164 ; gain = 39.734
save_bd_design
Wrote  : <C:\Users\patri\Desktop\Licenta_1\Licenta_1.srcs\sources_1\bd\Licenta_Design\Licenta_Design.bd> 
Wrote  : <C:/Users/patri/Desktop/Licenta_1/Licenta_1.srcs/sources_1/bd/Licenta_Design/ui/bd_5f9a2181.ui> 
reset_run synth_1
INFO: [Project 1-1161] Replacing file C:/Users/patri/Desktop/Licenta_1/Licenta_1.srcs/utils_1/imports/synth_1/Licenta_Design_wrapper.dcp with file C:/Users/patri/Desktop/Licenta_1/Licenta_1.runs/synth_1/Licenta_Design_wrapper.dcp
launch_runs impl_1 -to_step write_bitstream -jobs 6
INFO: [BD 41-1662] The design 'Licenta_Design.bd' is already validated. Therefore parameter propagation will not be re-run.
WARNING: [BD 41-2384] Width mismatch when connecting pin: '/blk_mem_gen_0/addra'(32) to pin: '/axi_bram_ctrl_0/bram_addr_a'(13) - Only lower order bits will be connected.
VHDL Output written to : c:/Users/patri/Desktop/Licenta_1/Licenta_1.gen/sources_1/bd/Licenta_Design/synth/Licenta_Design.vhd
WARNING: [BD 41-2384] Width mismatch when connecting pin: '/blk_mem_gen_0/addra'(32) to pin: '/axi_bram_ctrl_0/bram_addr_a'(13) - Only lower order bits will be connected.
VHDL Output written to : c:/Users/patri/Desktop/Licenta_1/Licenta_1.gen/sources_1/bd/Licenta_Design/sim/Licenta_Design.vhd
VHDL Output written to : c:/Users/patri/Desktop/Licenta_1/Licenta_1.gen/sources_1/bd/Licenta_Design/hdl/Licenta_Design_wrapper.vhd
Exporting to file c:/Users/patri/Desktop/Licenta_1/Licenta_1.gen/sources_1/bd/Licenta_Design/ip/Licenta_Design_smartconnect_0_0/bd_0/hw_handoff/Licenta_Design_smartconnect_0_0.hwh
Generated Hardware Definition File c:/Users/patri/Desktop/Licenta_1/Licenta_1.gen/sources_1/bd/Licenta_Design/ip/Licenta_Design_smartconnect_0_0/bd_0/synth/Licenta_Design_smartconnect_0_0.hwdef
INFO: [BD 41-1029] Generation completed for the IP Integrator block smartconnect_0 .
WARNING: [IP_Flow 19-4994] Overwriting existing constraint file 'c:/Users/patri/Desktop/Licenta_1/Licenta_1.gen/sources_1/bd/Licenta_Design/ip/Licenta_Design_auto_pc_5/Licenta_Design_auto_pc_5_ooc.xdc'
INFO: [BD 41-1029] Generation completed for the IP Integrator block axi_interconnect_0/s00_couplers/auto_pc .
WARNING: [IP_Flow 19-4994] Overwriting existing constraint file 'c:/Users/patri/Desktop/Licenta_1/Licenta_1.gen/sources_1/bd/Licenta_Design/ip/Licenta_Design_auto_pc_0/Licenta_Design_auto_pc_0_ooc.xdc'
INFO: [BD 41-1029] Generation completed for the IP Integrator block axi_interconnect_0/m00_couplers/auto_pc .
WARNING: [IP_Flow 19-4994] Overwriting existing constraint file 'c:/Users/patri/Desktop/Licenta_1/Licenta_1.gen/sources_1/bd/Licenta_Design/ip/Licenta_Design_auto_pc_1/Licenta_Design_auto_pc_1_ooc.xdc'
INFO: [BD 41-1029] Generation completed for the IP Integrator block axi_interconnect_0/m01_couplers/auto_pc .
WARNING: [IP_Flow 19-4994] Overwriting existing constraint file 'c:/Users/patri/Desktop/Licenta_1/Licenta_1.gen/sources_1/bd/Licenta_Design/ip/Licenta_Design_auto_pc_2/Licenta_Design_auto_pc_2_ooc.xdc'
INFO: [BD 41-1029] Generation completed for the IP Integrator block axi_interconnect_0/m02_couplers/auto_pc .
WARNING: [IP_Flow 19-4994] Overwriting existing constraint file 'c:/Users/patri/Desktop/Licenta_1/Licenta_1.gen/sources_1/bd/Licenta_Design/ip/Licenta_Design_auto_pc_3/Licenta_Design_auto_pc_3_ooc.xdc'
INFO: [BD 41-1029] Generation completed for the IP Integrator block axi_interconnect_0/m03_couplers/auto_pc .
WARNING: [IP_Flow 19-4994] Overwriting existing constraint file 'c:/Users/patri/Desktop/Licenta_1/Licenta_1.gen/sources_1/bd/Licenta_Design/ip/Licenta_Design_auto_pc_4/Licenta_Design_auto_pc_4_ooc.xdc'
INFO: [BD 41-1029] Generation completed for the IP Integrator block axi_interconnect_0/m05_couplers/auto_pc .
Exporting to file c:/Users/patri/Desktop/Licenta_1/Licenta_1.gen/sources_1/bd/Licenta_Design/hw_handoff/Licenta_Design.hwh
Generated Hardware Definition File c:/Users/patri/Desktop/Licenta_1/Licenta_1.gen/sources_1/bd/Licenta_Design/synth/Licenta_Design.hwdef
INFO: [IP_Flow 19-6930] IPCACHE: runCacheChecks() number of threads = 8
INFO: [IP_Flow 19-6921] IPCACHE: Adding cache check func to thread queue for IP Licenta_Design_auto_pc_0
INFO: [IP_Flow 19-6921] IPCACHE: Adding cache check func to thread queue for IP Licenta_Design_auto_pc_1
INFO: [IP_Flow 19-6921] IPCACHE: Adding cache check func to thread queue for IP Licenta_Design_auto_pc_2
INFO: [IP_Flow 19-6921] IPCACHE: Adding cache check func to thread queue for IP Licenta_Design_auto_pc_3
INFO: [IP_Flow 19-6921] IPCACHE: Adding cache check func to thread queue for IP Licenta_Design_auto_pc_4
INFO: [IP_Flow 19-6921] IPCACHE: Adding cache check func to thread queue for IP Licenta_Design_auto_pc_5
INFO: [IP_Flow 19-6921] IPCACHE: Adding cache check func to thread queue for IP Licenta_Design_smartconnect_0_0
INFO: [IP_Flow 19-8020] IPCACHE: runCacheChecks() calling threadPool finishWork()
INFO: [IP_Flow 19-6924] IPCACHE: Running cache check for IP inst: Licenta_Design_auto_pc_0
INFO: [IP_Flow 19-6922] IPCACHE: Exporting cached entry 42c42fc2e1d65413 to dir: c:/Users/patri/Desktop/Licenta_1/Licenta_1.gen/sources_1/bd/Licenta_Design/ip/Licenta_Design_auto_pc_0
INFO: [IP_Flow 19-6928] IPCACHE: copied cached file c:/Users/patri/Desktop/Licenta_1/Licenta_1.cache/ip/2023.2.1/4/2/42c42fc2e1d65413/Licenta_Design_auto_pc_2.dcp to c:/Users/patri/Desktop/Licenta_1/Licenta_1.gen/sources_1/bd/Licenta_Design/ip/Licenta_Design_auto_pc_0/Licenta_Design_auto_pc_0.dcp.
INFO: [IP_Flow 19-6926] IPCACHE: added file to list for BOM: c:/Users/patri/Desktop/Licenta_1/Licenta_1.gen/sources_1/bd/Licenta_Design/ip/Licenta_Design_auto_pc_0/Licenta_Design_auto_pc_0.dcp
INFO: [IP_Flow 19-6928] IPCACHE: copied cached file c:/Users/patri/Desktop/Licenta_1/Licenta_1.cache/ip/2023.2.1/4/2/42c42fc2e1d65413/Licenta_Design_auto_pc_2_sim_netlist.v to c:/Users/patri/Desktop/Licenta_1/Licenta_1.gen/sources_1/bd/Licenta_Design/ip/Licenta_Design_auto_pc_0/Licenta_Design_auto_pc_0_sim_netlist.v.
INFO: [IP_Flow 19-6926] IPCACHE: added file to list for BOM: c:/Users/patri/Desktop/Licenta_1/Licenta_1.gen/sources_1/bd/Licenta_Design/ip/Licenta_Design_auto_pc_0/Licenta_Design_auto_pc_0_sim_netlist.v
INFO: [IP_Flow 19-6928] IPCACHE: copied cached file c:/Users/patri/Desktop/Licenta_1/Licenta_1.cache/ip/2023.2.1/4/2/42c42fc2e1d65413/Licenta_Design_auto_pc_2_sim_netlist.vhdl to c:/Users/patri/Desktop/Licenta_1/Licenta_1.gen/sources_1/bd/Licenta_Design/ip/Licenta_Design_auto_pc_0/Licenta_Design_auto_pc_0_sim_netlist.vhdl.
INFO: [IP_Flow 19-6926] IPCACHE: added file to list for BOM: c:/Users/patri/Desktop/Licenta_1/Licenta_1.gen/sources_1/bd/Licenta_Design/ip/Licenta_Design_auto_pc_0/Licenta_Design_auto_pc_0_sim_netlist.vhdl
INFO: [IP_Flow 19-6928] IPCACHE: copied cached file c:/Users/patri/Desktop/Licenta_1/Licenta_1.cache/ip/2023.2.1/4/2/42c42fc2e1d65413/Licenta_Design_auto_pc_2_stub.v to c:/Users/patri/Desktop/Licenta_1/Licenta_1.gen/sources_1/bd/Licenta_Design/ip/Licenta_Design_auto_pc_0/Licenta_Design_auto_pc_0_stub.v.
INFO: [IP_Flow 19-6926] IPCACHE: added file to list for BOM: c:/Users/patri/Desktop/Licenta_1/Licenta_1.gen/sources_1/bd/Licenta_Design/ip/Licenta_Design_auto_pc_0/Licenta_Design_auto_pc_0_stub.v
INFO: [IP_Flow 19-6928] IPCACHE: copied cached file c:/Users/patri/Desktop/Licenta_1/Licenta_1.cache/ip/2023.2.1/4/2/42c42fc2e1d65413/Licenta_Design_auto_pc_2_stub.vhdl to c:/Users/patri/Desktop/Licenta_1/Licenta_1.gen/sources_1/bd/Licenta_Design/ip/Licenta_Design_auto_pc_0/Licenta_Design_auto_pc_0_stub.vhdl.
INFO: [IP_Flow 19-6926] IPCACHE: added file to list for BOM: c:/Users/patri/Desktop/Licenta_1/Licenta_1.gen/sources_1/bd/Licenta_Design/ip/Licenta_Design_auto_pc_0/Licenta_Design_auto_pc_0_stub.vhdl
INFO: [IP_Flow 19-4993] Using cached IP synthesis design for IP Licenta_Design_auto_pc_0, cache-ID = 42c42fc2e1d65413; cache size = 30.471 MB.
INFO: [IP_Flow 19-6924] IPCACHE: Running cache check for IP inst: Licenta_Design_auto_pc_1
INFO: [IP_Flow 19-6922] IPCACHE: Exporting cached entry 42c42fc2e1d65413 to dir: c:/Users/patri/Desktop/Licenta_1/Licenta_1.gen/sources_1/bd/Licenta_Design/ip/Licenta_Design_auto_pc_1
INFO: [IP_Flow 19-6928] IPCACHE: copied cached file c:/Users/patri/Desktop/Licenta_1/Licenta_1.cache/ip/2023.2.1/4/2/42c42fc2e1d65413/Licenta_Design_auto_pc_2.dcp to c:/Users/patri/Desktop/Licenta_1/Licenta_1.gen/sources_1/bd/Licenta_Design/ip/Licenta_Design_auto_pc_1/Licenta_Design_auto_pc_1.dcp.
INFO: [IP_Flow 19-6926] IPCACHE: added file to list for BOM: c:/Users/patri/Desktop/Licenta_1/Licenta_1.gen/sources_1/bd/Licenta_Design/ip/Licenta_Design_auto_pc_1/Licenta_Design_auto_pc_1.dcp
INFO: [IP_Flow 19-6928] IPCACHE: copied cached file c:/Users/patri/Desktop/Licenta_1/Licenta_1.cache/ip/2023.2.1/4/2/42c42fc2e1d65413/Licenta_Design_auto_pc_2_sim_netlist.v to c:/Users/patri/Desktop/Licenta_1/Licenta_1.gen/sources_1/bd/Licenta_Design/ip/Licenta_Design_auto_pc_1/Licenta_Design_auto_pc_1_sim_netlist.v.
INFO: [IP_Flow 19-6926] IPCACHE: added file to list for BOM: c:/Users/patri/Desktop/Licenta_1/Licenta_1.gen/sources_1/bd/Licenta_Design/ip/Licenta_Design_auto_pc_1/Licenta_Design_auto_pc_1_sim_netlist.v
INFO: [IP_Flow 19-6928] IPCACHE: copied cached file c:/Users/patri/Desktop/Licenta_1/Licenta_1.cache/ip/2023.2.1/4/2/42c42fc2e1d65413/Licenta_Design_auto_pc_2_sim_netlist.vhdl to c:/Users/patri/Desktop/Licenta_1/Licenta_1.gen/sources_1/bd/Licenta_Design/ip/Licenta_Design_auto_pc_1/Licenta_Design_auto_pc_1_sim_netlist.vhdl.
INFO: [IP_Flow 19-6926] IPCACHE: added file to list for BOM: c:/Users/patri/Desktop/Licenta_1/Licenta_1.gen/sources_1/bd/Licenta_Design/ip/Licenta_Design_auto_pc_1/Licenta_Design_auto_pc_1_sim_netlist.vhdl
INFO: [IP_Flow 19-6928] IPCACHE: copied cached file c:/Users/patri/Desktop/Licenta_1/Licenta_1.cache/ip/2023.2.1/4/2/42c42fc2e1d65413/Licenta_Design_auto_pc_2_stub.v to c:/Users/patri/Desktop/Licenta_1/Licenta_1.gen/sources_1/bd/Licenta_Design/ip/Licenta_Design_auto_pc_1/Licenta_Design_auto_pc_1_stub.v.
INFO: [IP_Flow 19-6926] IPCACHE: added file to list for BOM: c:/Users/patri/Desktop/Licenta_1/Licenta_1.gen/sources_1/bd/Licenta_Design/ip/Licenta_Design_auto_pc_1/Licenta_Design_auto_pc_1_stub.v
INFO: [IP_Flow 19-6928] IPCACHE: copied cached file c:/Users/patri/Desktop/Licenta_1/Licenta_1.cache/ip/2023.2.1/4/2/42c42fc2e1d65413/Licenta_Design_auto_pc_2_stub.vhdl to c:/Users/patri/Desktop/Licenta_1/Licenta_1.gen/sources_1/bd/Licenta_Design/ip/Licenta_Design_auto_pc_1/Licenta_Design_auto_pc_1_stub.vhdl.
INFO: [IP_Flow 19-6926] IPCACHE: added file to list for BOM: c:/Users/patri/Desktop/Licenta_1/Licenta_1.gen/sources_1/bd/Licenta_Design/ip/Licenta_Design_auto_pc_1/Licenta_Design_auto_pc_1_stub.vhdl
INFO: [IP_Flow 19-4993] Using cached IP synthesis design for IP Licenta_Design_auto_pc_1, cache-ID = 42c42fc2e1d65413; cache size = 30.471 MB.
INFO: [IP_Flow 19-6924] IPCACHE: Running cache check for IP inst: Licenta_Design_auto_pc_2
INFO: [IP_Flow 19-6922] IPCACHE: Exporting cached entry 42c42fc2e1d65413 to dir: c:/Users/patri/Desktop/Licenta_1/Licenta_1.gen/sources_1/bd/Licenta_Design/ip/Licenta_Design_auto_pc_2
INFO: [IP_Flow 19-6928] IPCACHE: copied cached file c:/Users/patri/Desktop/Licenta_1/Licenta_1.cache/ip/2023.2.1/4/2/42c42fc2e1d65413/Licenta_Design_auto_pc_2.dcp to c:/Users/patri/Desktop/Licenta_1/Licenta_1.gen/sources_1/bd/Licenta_Design/ip/Licenta_Design_auto_pc_2/Licenta_Design_auto_pc_2.dcp.
INFO: [IP_Flow 19-6926] IPCACHE: added file to list for BOM: c:/Users/patri/Desktop/Licenta_1/Licenta_1.gen/sources_1/bd/Licenta_Design/ip/Licenta_Design_auto_pc_2/Licenta_Design_auto_pc_2.dcp
INFO: [IP_Flow 19-6928] IPCACHE: copied cached file c:/Users/patri/Desktop/Licenta_1/Licenta_1.cache/ip/2023.2.1/4/2/42c42fc2e1d65413/Licenta_Design_auto_pc_2_sim_netlist.v to c:/Users/patri/Desktop/Licenta_1/Licenta_1.gen/sources_1/bd/Licenta_Design/ip/Licenta_Design_auto_pc_2/Licenta_Design_auto_pc_2_sim_netlist.v.
INFO: [IP_Flow 19-6926] IPCACHE: added file to list for BOM: c:/Users/patri/Desktop/Licenta_1/Licenta_1.gen/sources_1/bd/Licenta_Design/ip/Licenta_Design_auto_pc_2/Licenta_Design_auto_pc_2_sim_netlist.v
INFO: [IP_Flow 19-6928] IPCACHE: copied cached file c:/Users/patri/Desktop/Licenta_1/Licenta_1.cache/ip/2023.2.1/4/2/42c42fc2e1d65413/Licenta_Design_auto_pc_2_sim_netlist.vhdl to c:/Users/patri/Desktop/Licenta_1/Licenta_1.gen/sources_1/bd/Licenta_Design/ip/Licenta_Design_auto_pc_2/Licenta_Design_auto_pc_2_sim_netlist.vhdl.
INFO: [IP_Flow 19-6926] IPCACHE: added file to list for BOM: c:/Users/patri/Desktop/Licenta_1/Licenta_1.gen/sources_1/bd/Licenta_Design/ip/Licenta_Design_auto_pc_2/Licenta_Design_auto_pc_2_sim_netlist.vhdl
INFO: [IP_Flow 19-6928] IPCACHE: copied cached file c:/Users/patri/Desktop/Licenta_1/Licenta_1.cache/ip/2023.2.1/4/2/42c42fc2e1d65413/Licenta_Design_auto_pc_2_stub.v to c:/Users/patri/Desktop/Licenta_1/Licenta_1.gen/sources_1/bd/Licenta_Design/ip/Licenta_Design_auto_pc_2/Licenta_Design_auto_pc_2_stub.v.
INFO: [IP_Flow 19-6926] IPCACHE: added file to list for BOM: c:/Users/patri/Desktop/Licenta_1/Licenta_1.gen/sources_1/bd/Licenta_Design/ip/Licenta_Design_auto_pc_2/Licenta_Design_auto_pc_2_stub.v
INFO: [IP_Flow 19-6928] IPCACHE: copied cached file c:/Users/patri/Desktop/Licenta_1/Licenta_1.cache/ip/2023.2.1/4/2/42c42fc2e1d65413/Licenta_Design_auto_pc_2_stub.vhdl to c:/Users/patri/Desktop/Licenta_1/Licenta_1.gen/sources_1/bd/Licenta_Design/ip/Licenta_Design_auto_pc_2/Licenta_Design_auto_pc_2_stub.vhdl.
INFO: [IP_Flow 19-6926] IPCACHE: added file to list for BOM: c:/Users/patri/Desktop/Licenta_1/Licenta_1.gen/sources_1/bd/Licenta_Design/ip/Licenta_Design_auto_pc_2/Licenta_Design_auto_pc_2_stub.vhdl
INFO: [IP_Flow 19-4993] Using cached IP synthesis design for IP Licenta_Design_auto_pc_2, cache-ID = 42c42fc2e1d65413; cache size = 30.471 MB.
INFO: [IP_Flow 19-6924] IPCACHE: Running cache check for IP inst: Licenta_Design_auto_pc_3
INFO: [IP_Flow 19-6922] IPCACHE: Exporting cached entry 42c42fc2e1d65413 to dir: c:/Users/patri/Desktop/Licenta_1/Licenta_1.gen/sources_1/bd/Licenta_Design/ip/Licenta_Design_auto_pc_3
INFO: [IP_Flow 19-6928] IPCACHE: copied cached file c:/Users/patri/Desktop/Licenta_1/Licenta_1.cache/ip/2023.2.1/4/2/42c42fc2e1d65413/Licenta_Design_auto_pc_2.dcp to c:/Users/patri/Desktop/Licenta_1/Licenta_1.gen/sources_1/bd/Licenta_Design/ip/Licenta_Design_auto_pc_3/Licenta_Design_auto_pc_3.dcp.
INFO: [IP_Flow 19-6926] IPCACHE: added file to list for BOM: c:/Users/patri/Desktop/Licenta_1/Licenta_1.gen/sources_1/bd/Licenta_Design/ip/Licenta_Design_auto_pc_3/Licenta_Design_auto_pc_3.dcp
INFO: [IP_Flow 19-6928] IPCACHE: copied cached file c:/Users/patri/Desktop/Licenta_1/Licenta_1.cache/ip/2023.2.1/4/2/42c42fc2e1d65413/Licenta_Design_auto_pc_2_sim_netlist.v to c:/Users/patri/Desktop/Licenta_1/Licenta_1.gen/sources_1/bd/Licenta_Design/ip/Licenta_Design_auto_pc_3/Licenta_Design_auto_pc_3_sim_netlist.v.
INFO: [IP_Flow 19-6926] IPCACHE: added file to list for BOM: c:/Users/patri/Desktop/Licenta_1/Licenta_1.gen/sources_1/bd/Licenta_Design/ip/Licenta_Design_auto_pc_3/Licenta_Design_auto_pc_3_sim_netlist.v
INFO: [IP_Flow 19-6928] IPCACHE: copied cached file c:/Users/patri/Desktop/Licenta_1/Licenta_1.cache/ip/2023.2.1/4/2/42c42fc2e1d65413/Licenta_Design_auto_pc_2_sim_netlist.vhdl to c:/Users/patri/Desktop/Licenta_1/Licenta_1.gen/sources_1/bd/Licenta_Design/ip/Licenta_Design_auto_pc_3/Licenta_Design_auto_pc_3_sim_netlist.vhdl.
INFO: [IP_Flow 19-6926] IPCACHE: added file to list for BOM: c:/Users/patri/Desktop/Licenta_1/Licenta_1.gen/sources_1/bd/Licenta_Design/ip/Licenta_Design_auto_pc_3/Licenta_Design_auto_pc_3_sim_netlist.vhdl
INFO: [IP_Flow 19-6928] IPCACHE: copied cached file c:/Users/patri/Desktop/Licenta_1/Licenta_1.cache/ip/2023.2.1/4/2/42c42fc2e1d65413/Licenta_Design_auto_pc_2_stub.v to c:/Users/patri/Desktop/Licenta_1/Licenta_1.gen/sources_1/bd/Licenta_Design/ip/Licenta_Design_auto_pc_3/Licenta_Design_auto_pc_3_stub.v.
INFO: [IP_Flow 19-6926] IPCACHE: added file to list for BOM: c:/Users/patri/Desktop/Licenta_1/Licenta_1.gen/sources_1/bd/Licenta_Design/ip/Licenta_Design_auto_pc_3/Licenta_Design_auto_pc_3_stub.v
INFO: [IP_Flow 19-6928] IPCACHE: copied cached file c:/Users/patri/Desktop/Licenta_1/Licenta_1.cache/ip/2023.2.1/4/2/42c42fc2e1d65413/Licenta_Design_auto_pc_2_stub.vhdl to c:/Users/patri/Desktop/Licenta_1/Licenta_1.gen/sources_1/bd/Licenta_Design/ip/Licenta_Design_auto_pc_3/Licenta_Design_auto_pc_3_stub.vhdl.
INFO: [IP_Flow 19-6926] IPCACHE: added file to list for BOM: c:/Users/patri/Desktop/Licenta_1/Licenta_1.gen/sources_1/bd/Licenta_Design/ip/Licenta_Design_auto_pc_3/Licenta_Design_auto_pc_3_stub.vhdl
INFO: [IP_Flow 19-4993] Using cached IP synthesis design for IP Licenta_Design_auto_pc_3, cache-ID = 42c42fc2e1d65413; cache size = 30.471 MB.
INFO: [IP_Flow 19-6924] IPCACHE: Running cache check for IP inst: Licenta_Design_auto_pc_4
INFO: [IP_Flow 19-6922] IPCACHE: Exporting cached entry 42c42fc2e1d65413 to dir: c:/Users/patri/Desktop/Licenta_1/Licenta_1.gen/sources_1/bd/Licenta_Design/ip/Licenta_Design_auto_pc_4
INFO: [IP_Flow 19-6928] IPCACHE: copied cached file c:/Users/patri/Desktop/Licenta_1/Licenta_1.cache/ip/2023.2.1/4/2/42c42fc2e1d65413/Licenta_Design_auto_pc_2.dcp to c:/Users/patri/Desktop/Licenta_1/Licenta_1.gen/sources_1/bd/Licenta_Design/ip/Licenta_Design_auto_pc_4/Licenta_Design_auto_pc_4.dcp.
INFO: [IP_Flow 19-6926] IPCACHE: added file to list for BOM: c:/Users/patri/Desktop/Licenta_1/Licenta_1.gen/sources_1/bd/Licenta_Design/ip/Licenta_Design_auto_pc_4/Licenta_Design_auto_pc_4.dcp
INFO: [IP_Flow 19-6928] IPCACHE: copied cached file c:/Users/patri/Desktop/Licenta_1/Licenta_1.cache/ip/2023.2.1/4/2/42c42fc2e1d65413/Licenta_Design_auto_pc_2_sim_netlist.v to c:/Users/patri/Desktop/Licenta_1/Licenta_1.gen/sources_1/bd/Licenta_Design/ip/Licenta_Design_auto_pc_4/Licenta_Design_auto_pc_4_sim_netlist.v.
INFO: [IP_Flow 19-6926] IPCACHE: added file to list for BOM: c:/Users/patri/Desktop/Licenta_1/Licenta_1.gen/sources_1/bd/Licenta_Design/ip/Licenta_Design_auto_pc_4/Licenta_Design_auto_pc_4_sim_netlist.v
INFO: [IP_Flow 19-6928] IPCACHE: copied cached file c:/Users/patri/Desktop/Licenta_1/Licenta_1.cache/ip/2023.2.1/4/2/42c42fc2e1d65413/Licenta_Design_auto_pc_2_sim_netlist.vhdl to c:/Users/patri/Desktop/Licenta_1/Licenta_1.gen/sources_1/bd/Licenta_Design/ip/Licenta_Design_auto_pc_4/Licenta_Design_auto_pc_4_sim_netlist.vhdl.
INFO: [IP_Flow 19-6926] IPCACHE: added file to list for BOM: c:/Users/patri/Desktop/Licenta_1/Licenta_1.gen/sources_1/bd/Licenta_Design/ip/Licenta_Design_auto_pc_4/Licenta_Design_auto_pc_4_sim_netlist.vhdl
INFO: [IP_Flow 19-6928] IPCACHE: copied cached file c:/Users/patri/Desktop/Licenta_1/Licenta_1.cache/ip/2023.2.1/4/2/42c42fc2e1d65413/Licenta_Design_auto_pc_2_stub.v to c:/Users/patri/Desktop/Licenta_1/Licenta_1.gen/sources_1/bd/Licenta_Design/ip/Licenta_Design_auto_pc_4/Licenta_Design_auto_pc_4_stub.v.
INFO: [IP_Flow 19-6926] IPCACHE: added file to list for BOM: c:/Users/patri/Desktop/Licenta_1/Licenta_1.gen/sources_1/bd/Licenta_Design/ip/Licenta_Design_auto_pc_4/Licenta_Design_auto_pc_4_stub.v
INFO: [IP_Flow 19-6928] IPCACHE: copied cached file c:/Users/patri/Desktop/Licenta_1/Licenta_1.cache/ip/2023.2.1/4/2/42c42fc2e1d65413/Licenta_Design_auto_pc_2_stub.vhdl to c:/Users/patri/Desktop/Licenta_1/Licenta_1.gen/sources_1/bd/Licenta_Design/ip/Licenta_Design_auto_pc_4/Licenta_Design_auto_pc_4_stub.vhdl.
INFO: [IP_Flow 19-6926] IPCACHE: added file to list for BOM: c:/Users/patri/Desktop/Licenta_1/Licenta_1.gen/sources_1/bd/Licenta_Design/ip/Licenta_Design_auto_pc_4/Licenta_Design_auto_pc_4_stub.vhdl
INFO: [IP_Flow 19-4993] Using cached IP synthesis design for IP Licenta_Design_auto_pc_4, cache-ID = 42c42fc2e1d65413; cache size = 30.471 MB.
INFO: [IP_Flow 19-6924] IPCACHE: Running cache check for IP inst: Licenta_Design_auto_pc_5
INFO: [IP_Flow 19-6922] IPCACHE: Exporting cached entry dcbd8a5c496e47a8 to dir: c:/Users/patri/Desktop/Licenta_1/Licenta_1.gen/sources_1/bd/Licenta_Design/ip/Licenta_Design_auto_pc_5
INFO: [IP_Flow 19-6928] IPCACHE: copied cached file c:/Users/patri/Desktop/Licenta_1/Licenta_1.cache/ip/2023.2.1/d/c/dcbd8a5c496e47a8/Licenta_Design_auto_pc_4.dcp to c:/Users/patri/Desktop/Licenta_1/Licenta_1.gen/sources_1/bd/Licenta_Design/ip/Licenta_Design_auto_pc_5/Licenta_Design_auto_pc_5.dcp.
INFO: [IP_Flow 19-6926] IPCACHE: added file to list for BOM: c:/Users/patri/Desktop/Licenta_1/Licenta_1.gen/sources_1/bd/Licenta_Design/ip/Licenta_Design_auto_pc_5/Licenta_Design_auto_pc_5.dcp
INFO: [IP_Flow 19-6928] IPCACHE: copied cached file c:/Users/patri/Desktop/Licenta_1/Licenta_1.cache/ip/2023.2.1/d/c/dcbd8a5c496e47a8/Licenta_Design_auto_pc_4_sim_netlist.v to c:/Users/patri/Desktop/Licenta_1/Licenta_1.gen/sources_1/bd/Licenta_Design/ip/Licenta_Design_auto_pc_5/Licenta_Design_auto_pc_5_sim_netlist.v.
INFO: [IP_Flow 19-6926] IPCACHE: added file to list for BOM: c:/Users/patri/Desktop/Licenta_1/Licenta_1.gen/sources_1/bd/Licenta_Design/ip/Licenta_Design_auto_pc_5/Licenta_Design_auto_pc_5_sim_netlist.v
INFO: [IP_Flow 19-6928] IPCACHE: copied cached file c:/Users/patri/Desktop/Licenta_1/Licenta_1.cache/ip/2023.2.1/d/c/dcbd8a5c496e47a8/Licenta_Design_auto_pc_4_sim_netlist.vhdl to c:/Users/patri/Desktop/Licenta_1/Licenta_1.gen/sources_1/bd/Licenta_Design/ip/Licenta_Design_auto_pc_5/Licenta_Design_auto_pc_5_sim_netlist.vhdl.
INFO: [IP_Flow 19-6926] IPCACHE: added file to list for BOM: c:/Users/patri/Desktop/Licenta_1/Licenta_1.gen/sources_1/bd/Licenta_Design/ip/Licenta_Design_auto_pc_5/Licenta_Design_auto_pc_5_sim_netlist.vhdl
INFO: [IP_Flow 19-6928] IPCACHE: copied cached file c:/Users/patri/Desktop/Licenta_1/Licenta_1.cache/ip/2023.2.1/d/c/dcbd8a5c496e47a8/Licenta_Design_auto_pc_4_stub.v to c:/Users/patri/Desktop/Licenta_1/Licenta_1.gen/sources_1/bd/Licenta_Design/ip/Licenta_Design_auto_pc_5/Licenta_Design_auto_pc_5_stub.v.
INFO: [IP_Flow 19-6926] IPCACHE: added file to list for BOM: c:/Users/patri/Desktop/Licenta_1/Licenta_1.gen/sources_1/bd/Licenta_Design/ip/Licenta_Design_auto_pc_5/Licenta_Design_auto_pc_5_stub.v
INFO: [IP_Flow 19-6928] IPCACHE: copied cached file c:/Users/patri/Desktop/Licenta_1/Licenta_1.cache/ip/2023.2.1/d/c/dcbd8a5c496e47a8/Licenta_Design_auto_pc_4_stub.vhdl to c:/Users/patri/Desktop/Licenta_1/Licenta_1.gen/sources_1/bd/Licenta_Design/ip/Licenta_Design_auto_pc_5/Licenta_Design_auto_pc_5_stub.vhdl.
INFO: [IP_Flow 19-6926] IPCACHE: added file to list for BOM: c:/Users/patri/Desktop/Licenta_1/Licenta_1.gen/sources_1/bd/Licenta_Design/ip/Licenta_Design_auto_pc_5/Licenta_Design_auto_pc_5_stub.vhdl
INFO: [IP_Flow 19-4993] Using cached IP synthesis design for IP Licenta_Design_auto_pc_5, cache-ID = dcbd8a5c496e47a8; cache size = 30.471 MB.
INFO: [IP_Flow 19-6924] IPCACHE: Running cache check for IP inst: Licenta_Design_smartconnect_0_0
INFO: [IP_Flow 19-6922] IPCACHE: Exporting cached entry ee4420cb295c09c9 to dir: c:/Users/patri/Desktop/Licenta_1/Licenta_1.gen/sources_1/bd/Licenta_Design/ip/Licenta_Design_smartconnect_0_0
INFO: [IP_Flow 19-6928] IPCACHE: copied cached file c:/Users/patri/Desktop/Licenta_1/Licenta_1.cache/ip/2023.2.1/e/e/ee4420cb295c09c9/Licenta_Design_smartconnect_0_0.dcp to c:/Users/patri/Desktop/Licenta_1/Licenta_1.gen/sources_1/bd/Licenta_Design/ip/Licenta_Design_smartconnect_0_0/Licenta_Design_smartconnect_0_0.dcp.
INFO: [IP_Flow 19-6926] IPCACHE: added file to list for BOM: c:/Users/patri/Desktop/Licenta_1/Licenta_1.gen/sources_1/bd/Licenta_Design/ip/Licenta_Design_smartconnect_0_0/Licenta_Design_smartconnect_0_0.dcp
INFO: [IP_Flow 19-6928] IPCACHE: copied cached file c:/Users/patri/Desktop/Licenta_1/Licenta_1.cache/ip/2023.2.1/e/e/ee4420cb295c09c9/Licenta_Design_smartconnect_0_0_sim_netlist.v to c:/Users/patri/Desktop/Licenta_1/Licenta_1.gen/sources_1/bd/Licenta_Design/ip/Licenta_Design_smartconnect_0_0/Licenta_Design_smartconnect_0_0_sim_netlist.v.
INFO: [IP_Flow 19-6926] IPCACHE: added file to list for BOM: c:/Users/patri/Desktop/Licenta_1/Licenta_1.gen/sources_1/bd/Licenta_Design/ip/Licenta_Design_smartconnect_0_0/Licenta_Design_smartconnect_0_0_sim_netlist.v
INFO: [IP_Flow 19-6928] IPCACHE: copied cached file c:/Users/patri/Desktop/Licenta_1/Licenta_1.cache/ip/2023.2.1/e/e/ee4420cb295c09c9/Licenta_Design_smartconnect_0_0_sim_netlist.vhdl to c:/Users/patri/Desktop/Licenta_1/Licenta_1.gen/sources_1/bd/Licenta_Design/ip/Licenta_Design_smartconnect_0_0/Licenta_Design_smartconnect_0_0_sim_netlist.vhdl.
INFO: [IP_Flow 19-6926] IPCACHE: added file to list for BOM: c:/Users/patri/Desktop/Licenta_1/Licenta_1.gen/sources_1/bd/Licenta_Design/ip/Licenta_Design_smartconnect_0_0/Licenta_Design_smartconnect_0_0_sim_netlist.vhdl
INFO: [IP_Flow 19-6928] IPCACHE: copied cached file c:/Users/patri/Desktop/Licenta_1/Licenta_1.cache/ip/2023.2.1/e/e/ee4420cb295c09c9/Licenta_Design_smartconnect_0_0_stub.v to c:/Users/patri/Desktop/Licenta_1/Licenta_1.gen/sources_1/bd/Licenta_Design/ip/Licenta_Design_smartconnect_0_0/Licenta_Design_smartconnect_0_0_stub.v.
INFO: [IP_Flow 19-6926] IPCACHE: added file to list for BOM: c:/Users/patri/Desktop/Licenta_1/Licenta_1.gen/sources_1/bd/Licenta_Design/ip/Licenta_Design_smartconnect_0_0/Licenta_Design_smartconnect_0_0_stub.v
INFO: [IP_Flow 19-6928] IPCACHE: copied cached file c:/Users/patri/Desktop/Licenta_1/Licenta_1.cache/ip/2023.2.1/e/e/ee4420cb295c09c9/Licenta_Design_smartconnect_0_0_stub.vhdl to c:/Users/patri/Desktop/Licenta_1/Licenta_1.gen/sources_1/bd/Licenta_Design/ip/Licenta_Design_smartconnect_0_0/Licenta_Design_smartconnect_0_0_stub.vhdl.
INFO: [IP_Flow 19-6926] IPCACHE: added file to list for BOM: c:/Users/patri/Desktop/Licenta_1/Licenta_1.gen/sources_1/bd/Licenta_Design/ip/Licenta_Design_smartconnect_0_0/Licenta_Design_smartconnect_0_0_stub.vhdl
INFO: [IP_Flow 19-4993] Using cached IP synthesis design for IP Licenta_Design_smartconnect_0_0, cache-ID = ee4420cb295c09c9; cache size = 30.471 MB.
[Sun Apr  7 12:58:00 2024] Launched synth_1...
Run output will be captured here: C:/Users/patri/Desktop/Licenta_1/Licenta_1.runs/synth_1/runme.log
[Sun Apr  7 12:58:00 2024] Launched impl_1...
Run output will be captured here: C:/Users/patri/Desktop/Licenta_1/Licenta_1.runs/impl_1/runme.log
launch_runs: Time (s): cpu = 00:00:05 ; elapsed = 00:00:15 . Memory (MB): peak = 2244.645 ; gain = 290.672
write_project_tcl -all_properties -dump_project_info {C:/Users/patri/Desktop/Licenta_1.tcl}
INFO: [BD 5-453] Writing out BD creation steps for Licenta_Design as a TCL proc
INFO: [Vivado-projutils-8] Tcl script 'Licenta_1.tcl' generated in output directory 'C:/Users/patri/Desktop'

INFO: [Vivado-projutils-15] Please note that by default, the file path for the project source files were set with respect to the 'origin_dir' variable in the
 generated script. When this script is executed from the output directory, these source files will be referenced with respect to this 'origin_dir' path value.
 In case this script was later moved to a different directory, the 'origin_dir' value must be set manually in the script with the path
 relative to the new output directory to make sure that the source files are referenced correctly from the original project. You can also set the
 'origin_dir' automatically by setting the 'origin_dir_loc' variable in the tcl shell before sourcing this generated script. The 'origin_dir_loc'
 variable should be set to the path relative to the new output directory. Alternatively, if you are sourcing the script from the Vivado command line,
 then set the origin dir using '-tclargs --origin_dir <path>'. For example, 'vivado -mode tcl -source Licenta_1.tcl -tclargs --origin_dir ".."

WARNING: [Vivado-projutils-10] Found source(s) that were local or imported into the project. If this project is being source controlled, then
 please ensure that the project source(s) are also part of this source controlled data. The list of these local source(s) can be found in the generated script
 under the header section.

exit
INFO: [Common 17-206] Exiting Vivado at Sun Apr  7 13:05:46 2024...
