Copyright 1986-2022 Xilinx, Inc. All Rights Reserved. Copyright 2022-2023 Advanced Micro Devices, Inc. All Rights Reserved.
--------------------------------------------------------------------------------------------------------------------------------------------------------------------------------------------------------
| Tool Version : Vivado v.2023.2.1 (win64) Build 4081461 Thu Dec 14 12:24:51 MST 2023
| Date         : Sun Apr  7 13:00:33 2024
| Host         : Patrick running 64-bit major release  (build 9200)
| Command      : report_methodology -file Licenta_Design_wrapper_methodology_drc_routed.rpt -pb Licenta_Design_wrapper_methodology_drc_routed.pb -rpx Licenta_Design_wrapper_methodology_drc_routed.rpx
| Design       : Licenta_Design_wrapper
| Device       : xc7z020clg484-1
| Speed File   : -1
| Design State : Fully Routed
--------------------------------------------------------------------------------------------------------------------------------------------------------------------------------------------------------

Report Methodology

Table of Contents
-----------------
1. REPORT SUMMARY
2. REPORT DETAILS

1. REPORT SUMMARY
-----------------
            Netlist: netlist
          Floorplan: design_1
      Design limits: <entire design considered>
             Max violations: <unlimited>
             Violations found: 0
+------+----------+-------------+------------+
| Rule | Severity | Description | Violations |
+------+----------+-------------+------------+
+------+----------+-------------+------------+

2. REPORT DETAILS
-----------------

